This is pdfTeX, Version 3.14159265-2.6-1.40.15 (TeX Live 2014) (preloaded format=pdflatex 2014.5.25)  20 MAR 2015 12:23
entering extended mode
 \write18 enabled.
 %&-line parsing enabled.
**paper_DEM_draft2MIB.tex
(./paper_DEM_draft2MIB.tex
LaTeX2e <2014/05/01>
Babel <3.9k> and hyphenation patterns for 78 languages loaded.
(/usr/local/texlive/2014/texmf-dist/tex/latex/base/article.cls
Document Class: article 2007/10/19 v1.4h Standard LaTeX document class
(/usr/local/texlive/2014/texmf-dist/tex/latex/base/size12.clo
File: size12.clo 2007/10/19 v1.4h Standard LaTeX file (size option)
)
\c@part=\count79
\c@section=\count80
\c@subsection=\count81
\c@subsubsection=\count82
\c@paragraph=\count83
\c@subparagraph=\count84
\c@figure=\count85
\c@table=\count86
\abovecaptionskip=\skip41
\belowcaptionskip=\skip42
\bibindent=\dimen102
)
(/usr/local/texlive/2014/texmf-dist/tex/latex/graphics/graphicx.sty
Package: graphicx 2014/04/25 v1.0g Enhanced LaTeX Graphics (DPC,SPQR)

(/usr/local/texlive/2014/texmf-dist/tex/latex/graphics/keyval.sty
Package: keyval 2014/05/08 v1.15 key=value parser (DPC)
\KV@toks@=\toks14
)
(/usr/local/texlive/2014/texmf-dist/tex/latex/graphics/graphics.sty
Package: graphics 2009/02/05 v1.0o Standard LaTeX Graphics (DPC,SPQR)

(/usr/local/texlive/2014/texmf-dist/tex/latex/graphics/trig.sty
Package: trig 1999/03/16 v1.09 sin cos tan (DPC)
)
(/usr/local/texlive/2014/texmf-dist/tex/latex/latexconfig/graphics.cfg
File: graphics.cfg 2010/04/23 v1.9 graphics configuration of TeX Live
)
Package graphics Info: Driver file: pdftex.def on input line 91.

(/usr/local/texlive/2014/texmf-dist/tex/latex/pdftex-def/pdftex.def
File: pdftex.def 2011/05/27 v0.06d Graphics/color for pdfTeX

(/usr/local/texlive/2014/texmf-dist/tex/generic/oberdiek/infwarerr.sty
Package: infwarerr 2010/04/08 v1.3 Providing info/warning/error messages (HO)
)
(/usr/local/texlive/2014/texmf-dist/tex/generic/oberdiek/ltxcmds.sty
Package: ltxcmds 2011/11/09 v1.22 LaTeX kernel commands for general use (HO)
)
\Gread@gobject=\count87
))
\Gin@req@height=\dimen103
\Gin@req@width=\dimen104
)
(/usr/local/texlive/2014/texmf-dist/tex/latex/multirow/multirow.sty
\bigstrutjot=\dimen105
)
(/usr/local/texlive/2014/texmf-dist/tex/latex/preprint/authblk.sty
Package: authblk 2001/02/27 1.3 (PWD)
\affilsep=\skip43
\@affilsep=\skip44
\c@Maxaffil=\count88
\c@authors=\count89
\c@affil=\count90
)
(/usr/local/texlive/2014/texmf-dist/tex/latex/float/float.sty
Package: float 2001/11/08 v1.3d Float enhancements (AL)
\c@float@type=\count91
\float@exts=\toks15
\float@box=\box26
\@float@everytoks=\toks16
\@floatcapt=\box27
)
(/usr/local/texlive/2014/texmf-dist/tex/latex/rotating/rotating.sty
Package: rotating 2009/03/28 v2.16a rotated objects in LaTeX

(/usr/local/texlive/2014/texmf-dist/tex/latex/base/ifthen.sty
Package: ifthen 2001/05/26 v1.1c Standard LaTeX ifthen package (DPC)
)
\c@r@tfl@t=\count92
\rotFPtop=\skip45
\rotFPbot=\skip46
\rot@float@box=\box28
\rot@mess@toks=\toks17
)
(/usr/local/texlive/2014/texmf-dist/tex/latex/url/url.sty
\Urlmuskip=\muskip10
Package: url 2013/09/16  ver 3.4  Verb mode for urls, etc.
)
(/usr/local/texlive/2014/texmf-dist/tex/latex/graphics/lscape.sty
Package: lscape 2000/10/22 v3.01 Landscape Pages (DPC)
)
(/usr/local/texlive/2014/texmf-dist/tex/latex/tools/longtable.sty
Package: longtable 2004/02/01 v4.11 Multi-page Table package (DPC)
\LTleft=\skip47
\LTright=\skip48
\LTpre=\skip49
\LTpost=\skip50
\LTchunksize=\count93
\LTcapwidth=\dimen106
\LT@head=\box29
\LT@firsthead=\box30
\LT@foot=\box31
\LT@lastfoot=\box32
\LT@cols=\count94
\LT@rows=\count95
\c@LT@tables=\count96
\c@LT@chunks=\count97
\LT@p@ftn=\toks18
)
(/usr/local/texlive/2014/texmf-dist/tex/latex/subfigure/subfigure.sty
Package: subfigure 2002/03/15 v2.1.5 subfigure package
\subfigtopskip=\skip51
\subfigcapskip=\skip52
\subfigcaptopadj=\dimen107
\subfigbottomskip=\skip53
\subfigcapmargin=\dimen108
\subfiglabelskip=\skip54
\c@subfigure=\count98
\c@lofdepth=\count99
\c@subtable=\count100
\c@lotdepth=\count101

****************************************
* Local config file subfigure.cfg used *
****************************************
(/usr/local/texlive/2014/texmf-dist/tex/latex/subfigure/subfigure.cfg)
\subfig@top=\skip55
\subfig@bottom=\skip56
)
(/usr/local/texlive/2014/texmf-dist/tex/latex/natbib/natbib.sty
Package: natbib 2010/09/13 8.31b (PWD, AO)
\bibhang=\skip57
\bibsep=\skip58
LaTeX Info: Redefining \cite on input line 694.
\c@NAT@ctr=\count102
)
(/usr/local/texlive/2014/texmf-dist/tex/latex/lineno/lineno.sty
Package: lineno 2005/11/02 line numbers on paragraphs v4.41
\linenopenalty=\count103
\output=\toks19
\linenoprevgraf=\count104
\linenumbersep=\dimen109
\linenumberwidth=\dimen110
\c@linenumber=\count105
\c@pagewiselinenumber=\count106
\c@LN@truepage=\count107
\c@internallinenumber=\count108
\c@internallinenumbers=\count109
\quotelinenumbersep=\dimen111
\bframerule=\dimen112
\bframesep=\dimen113
\bframebox=\box33
LaTeX Info: Redefining \\ on input line 3056.
)
(/usr/local/texlive/2014/texmf-dist/tex/latex/amsmath/amsmath.sty
Package: amsmath 2013/01/14 v2.14 AMS math features
\@mathmargin=\skip59

For additional information on amsmath, use the `?' option.
(/usr/local/texlive/2014/texmf-dist/tex/latex/amsmath/amstext.sty
Package: amstext 2000/06/29 v2.01

(/usr/local/texlive/2014/texmf-dist/tex/latex/amsmath/amsgen.sty
File: amsgen.sty 1999/11/30 v2.0
\@emptytoks=\toks20
\ex@=\dimen114
))
(/usr/local/texlive/2014/texmf-dist/tex/latex/amsmath/amsbsy.sty
Package: amsbsy 1999/11/29 v1.2d
\pmbraise@=\dimen115
)
(/usr/local/texlive/2014/texmf-dist/tex/latex/amsmath/amsopn.sty
Package: amsopn 1999/12/14 v2.01 operator names
)
\inf@bad=\count110
LaTeX Info: Redefining \frac on input line 210.
\uproot@=\count111
\leftroot@=\count112
LaTeX Info: Redefining \overline on input line 306.
\classnum@=\count113
\DOTSCASE@=\count114
LaTeX Info: Redefining \ldots on input line 378.
LaTeX Info: Redefining \dots on input line 381.
LaTeX Info: Redefining \cdots on input line 466.
\Mathstrutbox@=\box34
\strutbox@=\box35
\big@size=\dimen116
LaTeX Font Info:    Redeclaring font encoding OML on input line 566.
LaTeX Font Info:    Redeclaring font encoding OMS on input line 567.
\macc@depth=\count115
\c@MaxMatrixCols=\count116
\dotsspace@=\muskip11
\c@parentequation=\count117
\dspbrk@lvl=\count118
\tag@help=\toks21
\row@=\count119
\column@=\count120
\maxfields@=\count121
\andhelp@=\toks22
\eqnshift@=\dimen117
\alignsep@=\dimen118
\tagshift@=\dimen119
\tagwidth@=\dimen120
\totwidth@=\dimen121
\lineht@=\dimen122
\@envbody=\toks23
\multlinegap=\skip60
\multlinetaggap=\skip61
\mathdisplay@stack=\toks24
LaTeX Info: Redefining \[ on input line 2665.
LaTeX Info: Redefining \] on input line 2666.
)
(/usr/local/texlive/2014/texmf-dist/tex/latex/amscls/amsthm.sty
Package: amsthm 2004/08/06 v2.20
\thm@style=\toks25
\thm@bodyfont=\toks26
\thm@headfont=\toks27
\thm@notefont=\toks28
\thm@headpunct=\toks29
\thm@preskip=\skip62
\thm@postskip=\skip63
\thm@headsep=\skip64
\dth@everypar=\toks30
)
(/usr/local/texlive/2014/texmf-dist/tex/latex/anysize/anysize.sty
Package: anysize 1994/08/13 setting margin sizes

document style option `anysize' loaded
Michael Salzenberg, Thomas Esser, Dirk Hillbrecht
Version 1.0, Aug 13, 1994
\@Leftmargin=\dimen123
\@Rightmargin=\dimen124
\@Topmargin=\dimen125
\@Bottommargin=\dimen126
) (./paper_DEM_draft2MIB.aux)
\openout1 = `paper_DEM_draft2MIB.aux'.

LaTeX Font Info:    Checking defaults for OML/cmm/m/it on input line 33.
LaTeX Font Info:    ... okay on input line 33.
LaTeX Font Info:    Checking defaults for T1/cmr/m/n on input line 33.
LaTeX Font Info:    ... okay on input line 33.
LaTeX Font Info:    Checking defaults for OT1/cmr/m/n on input line 33.
LaTeX Font Info:    ... okay on input line 33.
LaTeX Font Info:    Checking defaults for OMS/cmsy/m/n on input line 33.
LaTeX Font Info:    ... okay on input line 33.
LaTeX Font Info:    Checking defaults for OMX/cmex/m/n on input line 33.
LaTeX Font Info:    ... okay on input line 33.
LaTeX Font Info:    Checking defaults for U/cmr/m/n on input line 33.
LaTeX Font Info:    ... okay on input line 33.

(/usr/local/texlive/2014/texmf-dist/tex/context/base/supp-pdf.mkii
[Loading MPS to PDF converter (version 2006.09.02).]
\scratchcounter=\count122
\scratchdimen=\dimen127
\scratchbox=\box36
\nofMPsegments=\count123
\nofMParguments=\count124
\everyMPshowfont=\toks31
\MPscratchCnt=\count125
\MPscratchDim=\dimen128
\MPnumerator=\count126
\makeMPintoPDFobject=\count127
\everyMPtoPDFconversion=\toks32
) (/usr/local/texlive/2014/texmf-dist/tex/generic/oberdiek/pdftexcmds.sty
Package: pdftexcmds 2011/11/29 v0.20 Utility functions of pdfTeX for LuaTeX (HO
)

(/usr/local/texlive/2014/texmf-dist/tex/generic/oberdiek/ifluatex.sty
Package: ifluatex 2010/03/01 v1.3 Provides the ifluatex switch (HO)
Package ifluatex Info: LuaTeX not detected.
)
(/usr/local/texlive/2014/texmf-dist/tex/generic/oberdiek/ifpdf.sty
Package: ifpdf 2011/01/30 v2.3 Provides the ifpdf switch (HO)
Package ifpdf Info: pdfTeX in PDF mode is detected.
)
Package pdftexcmds Info: LuaTeX not detected.
Package pdftexcmds Info: \pdf@primitive is available.
Package pdftexcmds Info: \pdf@ifprimitive is available.
Package pdftexcmds Info: \pdfdraftmode found.
)
(/usr/local/texlive/2014/texmf-dist/tex/latex/oberdiek/epstopdf-base.sty
Package: epstopdf-base 2010/02/09 v2.5 Base part for package epstopdf

(/usr/local/texlive/2014/texmf-dist/tex/latex/oberdiek/grfext.sty
Package: grfext 2010/08/19 v1.1 Manage graphics extensions (HO)

(/usr/local/texlive/2014/texmf-dist/tex/generic/oberdiek/kvdefinekeys.sty
Package: kvdefinekeys 2011/04/07 v1.3 Define keys (HO)
))
(/usr/local/texlive/2014/texmf-dist/tex/latex/oberdiek/kvoptions.sty
Package: kvoptions 2011/06/30 v3.11 Key value format for package options (HO)

(/usr/local/texlive/2014/texmf-dist/tex/generic/oberdiek/kvsetkeys.sty
Package: kvsetkeys 2012/04/25 v1.16 Key value parser (HO)

(/usr/local/texlive/2014/texmf-dist/tex/generic/oberdiek/etexcmds.sty
Package: etexcmds 2011/02/16 v1.5 Avoid name clashes with e-TeX commands (HO)
Package etexcmds Info: Could not find \expanded.
(etexcmds)             That can mean that you are not using pdfTeX 1.50 or
(etexcmds)             that some package has redefined \expanded.
(etexcmds)             In the latter case, load this package earlier.
)))
Package grfext Info: Graphics extension search list:
(grfext)             [.png,.pdf,.jpg,.mps,.jpeg,.jbig2,.jb2,.PNG,.PDF,.JPG,.JPE
G,.JBIG2,.JB2,.eps]
(grfext)             \AppendGraphicsExtensions on input line 452.

(/usr/local/texlive/2014/texmf-dist/tex/latex/latexconfig/epstopdf-sys.cfg
File: epstopdf-sys.cfg 2010/07/13 v1.3 Configuration of (r)epstopdf for TeX Liv
e
))
[1

{/usr/local/texlive/2014/texmf-var/fonts/map/pdftex/updmap/pdftex.map}]

Package natbib Warning: Citation `Koh1995' on page 2 undefined on input line 62
.


Package natbib Warning: Citation `Najman1996' on page 2 undefined on input line
 63.


Package natbib Warning: Citation `Gunn1997' on page 2 undefined on input line 6
3.


Package natbib Warning: Citation `Sonka1999' on page 2 undefined on input line 
64.


Package natbib Warning: Citation `Burrough2000' on page 2 undefined on input li
ne 64.


Package natbib Warning: Citation `Carleer2005' on page 2 undefined on input lin
e 65.


Package natbib Warning: Citation `Keith' on page 2 undefined on input line 79.

[2]

Package natbib Warning: Citation `Bailey1989' on page 3 undefined on input line
 87.

[3] <figs/Topsar5.png, id=19, 692.5875pt x 487.8225pt>
File: figs/Topsar5.png Graphic file (type png)
 <use figs/Topsar5.png>
Package pdftex.def Info: figs/Topsar5.png used on input line 104.
(pdftex.def)             Requested size: 284.53339pt x 200.41046pt.


Package natbib Warning: Citation `Donath1973' on page 4 undefined on input line
 118.


Package natbib Warning: Citation `ShiMalik2000' on page 4 undefined on input li
ne 123.


Package natbib Warning: Citation `Hagen1992' on page 4 undefined on input line 
123.


Package natbib Warning: Citation `Ding2001' on page 4 undefined on input line 1
23.

[4 <./figs/Topsar5.png (PNG copy)>] [5]

Package natbib Warning: Citation `Sakai2009' on page 6 undefined on input line 
151.


Package natbib Warning: Citation `Archip2005' on page 6 undefined on input line
 152.


Package natbib Warning: Citation `Mahadevan2008' on page 6 undefined on input l
ine 166.


Package natbib Warning: Citation `Dhillon2007' on page 6 undefined on input lin
e 167.


Package natbib Warning: Citation `Fowlkes2004' on page 6 undefined on input lin
e 168.


Package natbib Warning: Citation `Song2008' on page 6 undefined on input line 1
69.

[6] [7]

Package natbib Warning: Citation `Tung2010' on page 8 undefined on input line 1
91.


LaTeX Warning: Reference `eq2' on page 8 undefined on input line 210.


LaTeX Warning: Reference `eq3' on page 8 undefined on input line 210.


LaTeX Warning: Reference `eq4' on page 8 undefined on input line 210.

[8]

Package natbib Warning: Citation `ShiMalik2000' on page 9 undefined on input li
ne 216.


Package natbib Warning: Citation `Ng2002' on page 9 undefined on input line 216
.


Package natbib Warning: Citation `vonLuxburg2007' on page 9 undefined on input 
line 217.


Package natbib Warning: Citation `Chung1997' on page 9 undefined on input line 
240.


Package natbib Warning: Citation `Stella2003' on page 9 undefined on input line
 259.

<figs/Spectral_flow.pdf, id=44, 722.7pt x 542.025pt>
File: figs/Spectral_flow.pdf Graphic file (type pdf)

<use figs/Spectral_flow.pdf>
Package pdftex.def Info: figs/Spectral_flow.pdf used on input line 263.
(pdftex.def)             Requested size: 284.53154pt x 213.39865pt.
 [9]

Package natbib Warning: Citation `Chen2011' on page 10 undefined on input line 
296.

[10 <./figs/Spectral_flow.pdf>]

Package natbib Warning: Citation `stefanescuPRS2012' on page 11 undefined on in
put line 331.


Package natbib Warning: Citation `Ehlschlaeger_1994' on page 11 undefined on in
put line 335.

[11] <figs/Flow_map_179_noclust_legend.png, id=65, 1176.395pt x 768.8725pt>
File: figs/Flow_map_179_noclust_legend.png Graphic file (type png)

<use figs/Flow_map_179_noclust_legend.png>
Package pdftex.def Info: figs/Flow_map_179_noclust_legend.png used on input lin
e 389.
(pdftex.def)             Requested size: 216.81pt x 141.69951pt.

<figs/Flow_map_179_clust_legend.png, id=66, 1176.395pt x 768.8725pt>
File: figs/Flow_map_179_clust_legend.png Graphic file (type png)

<use figs/Flow_map_179_clust_legend.png>
Package pdftex.def Info: figs/Flow_map_179_clust_legend.png used on input line 
390.
(pdftex.def)             Requested size: 216.81pt x 141.69951pt.

<figs/Flow_map_523_noclust_legend.png, id=68, 1176.395pt x 768.8725pt>
File: figs/Flow_map_523_noclust_legend.png Graphic file (type png)

<use figs/Flow_map_523_noclust_legend.png>
Package pdftex.def Info: figs/Flow_map_523_noclust_legend.png used on input lin
e 391.
(pdftex.def)             Requested size: 216.81pt x 141.69951pt.

<figs/Flow_map_523_clust_legend.png, id=69, 1176.395pt x 768.8725pt>
File: figs/Flow_map_523_clust_legend.png Graphic file (type png)

<use figs/Flow_map_523_clust_legend.png>
Package pdftex.def Info: figs/Flow_map_523_clust_legend.png used on input line 
392.
(pdftex.def)             Requested size: 216.81pt x 141.69951pt.
 [12] [13 <./figs/Flow_map_179_noclust_legend.png (PNG copy)> <./figs/Flow_map_
179_clust_legend.png> <./figs/Flow_map_523_noclust_legend.png> <./figs/Flow_map
_523_clust_legend.png>]

Package natbib Warning: Citation `Sheridan2010' on page 14 undefined on input l
ine 401.


Package natbib Warning: Citation `Patra2005' on page 14 undefined on input line
 405.


Package natbib Warning: Citation `sheridan_2005' on page 14 undefined on input 
line 405.


Package natbib Warning: Citation `Savage1989' on page 14 undefined on input lin
e 410.


Package natbib Warning: Citation `BuPaPi05' on page 14 undefined on input line 
415.


Package natbib Warning: Citation `stefanescu1' on page 14 undefined on input li
ne 426.

[14]

Package natbib Warning: Citation `Keith' on page 15 undefined on input line 429
.


Package natbib Warning: Citation `Sacks1989' on page 15 undefined on input line
 445.

<figs/Spectral1_old.pdf, id=83, 361.35pt x 361.35pt>
File: figs/Spectral1_old.pdf Graphic file (type pdf)

<use figs/Spectral1_old.pdf>
Package pdftex.def Info: figs/Spectral1_old.pdf used on input line 486.
(pdftex.def)             Requested size: 199.16766pt x 199.16766pt.
 <figs/T30_K10.pdf, id=84, 361.35pt x 361.35pt>
File: figs/T30_K10.pdf Graphic file (type pdf)

<use figs/T30_K10.pdf>
Package pdftex.def Info: figs/T30_K10.pdf used on input line 493.
(pdftex.def)             Requested size: 199.16766pt x 199.16766pt.
 <figs/Spectral2.pdf, id=85, 361.35pt x 361.35pt>
File: figs/Spectral2.pdf Graphic file (type pdf)

<use figs/Spectral2.pdf>
Package pdftex.def Info: figs/Spectral2.pdf used on input line 499.
(pdftex.def)             Requested size: 199.16766pt x 199.16766pt.
 <figs/Spectral1.pdf, id=86, 361.35pt x 361.35pt>
File: figs/Spectral1.pdf Graphic file (type pdf)

<use figs/Spectral1.pdf>
Package pdftex.def Info: figs/Spectral1.pdf used on input line 506.
(pdftex.def)             Requested size: 199.16766pt x 199.16766pt.

Overfull \hbox (2.61107pt too wide) in paragraph at lines 484--510
[][] $[]$
 []


Overfull \hbox (2.61107pt too wide) in paragraph at lines 484--510
[] $[]$ 
 []

[15] [16 <./figs/Spectral1_old.pdf> <./figs/T30_K10.pdf> <./figs/Spectral2.pdf>
 <./figs/Spectral1.pdf>]
<figs/Spectral_parallel.pdf, id=107, 361.35pt x 361.35pt>
File: figs/Spectral_parallel.pdf Graphic file (type pdf)

<use figs/Spectral_parallel.pdf>
Package pdftex.def Info: figs/Spectral_parallel.pdf used on input line 520.
(pdftex.def)             Requested size: 199.16766pt x 199.16766pt.

<figs/hazard_map_noclusters.jpg, id=108, 1176.395pt x 768.8725pt>
File: figs/hazard_map_noclusters.jpg Graphic file (type jpg)

<use figs/hazard_map_noclusters.jpg>
Package pdftex.def Info: figs/hazard_map_noclusters.jpg used on input line 528.

(pdftex.def)             Requested size: 227.61005pt x 148.76219pt.

Overfull \hbox (4.73254pt too wide) in paragraph at lines 527--531
[][] 
 []

<figs/hazard_map_clusters.jpg, id=109, 1176.395pt x 768.8725pt>
File: figs/hazard_map_clusters.jpg Graphic file (type jpg)

<use figs/hazard_map_clusters.jpg>
Package pdftex.def Info: figs/hazard_map_clusters.jpg used on input line 535.
(pdftex.def)             Requested size: 227.61005pt x 148.76219pt.

Overfull \hbox (4.73254pt too wide) in paragraph at lines 534--538
[][] 
 []


Overfull \hbox (2.61107pt too wide) in paragraph at lines 526--539
[][] $[]$ 
 []

No file paper_DEM_draft2MIB.bbl.

Package natbib Warning: There were undefined citations.

[17 <./figs/Spectral_parallel.pdf> <./figs/hazard_map_noclusters.jpg> <./figs/h
azard_map_clusters.jpg>] (./paper_DEM_draft2MIB.aux)

LaTeX Warning: There were undefined references.

 ) 
Here is how much of TeX's memory you used:
 3432 strings out of 493117
 46971 string characters out of 6135433
 113441 words of memory out of 5000000
 6815 multiletter control sequences out of 15000+600000
 11809 words of font info for 42 fonts, out of 8000000 for 9000
 1141 hyphenation exceptions out of 8191
 38i,16n,24p,972b,367s stack positions out of 5000i,500n,10000p,200000b,80000s
</usr/local/texlive/2014/texmf-dist/fonts/type1/public/amsfonts/cm/cmbx10.pfb
></usr/local/texlive/2014/texmf-dist/fonts/type1/public/amsfonts/cm/cmbx12.pfb>
</usr/local/texlive/2014/texmf-dist/fonts/type1/public/amsfonts/cm/cmex10.pfb><
/usr/local/texlive/2014/texmf-dist/fonts/type1/public/amsfonts/cm/cmmi12.pfb></
usr/local/texlive/2014/texmf-dist/fonts/type1/public/amsfonts/cm/cmmi6.pfb></us
r/local/texlive/2014/texmf-dist/fonts/type1/public/amsfonts/cm/cmmi8.pfb></usr/
local/texlive/2014/texmf-dist/fonts/type1/public/amsfonts/cm/cmr10.pfb></usr/lo
cal/texlive/2014/texmf-dist/fonts/type1/public/amsfonts/cm/cmr12.pfb></usr/loca
l/texlive/2014/texmf-dist/fonts/type1/public/amsfonts/cm/cmr17.pfb></usr/local/
texlive/2014/texmf-dist/fonts/type1/public/amsfonts/cm/cmr6.pfb></usr/local/tex
live/2014/texmf-dist/fonts/type1/public/amsfonts/cm/cmr8.pfb></usr/local/texliv
e/2014/texmf-dist/fonts/type1/public/amsfonts/cm/cmss8.pfb></usr/local/texlive/
2014/texmf-dist/fonts/type1/public/amsfonts/cm/cmsy10.pfb></usr/local/texlive/2
014/texmf-dist/fonts/type1/public/amsfonts/cm/cmsy8.pfb></usr/local/texlive/201
4/texmf-dist/fonts/type1/public/amsfonts/cm/cmti12.pfb>
Output written on paper_DEM_draft2MIB.pdf (17 pages, 11993943 bytes).
PDF statistics:
 165 PDF objects out of 1000 (max. 8388607)
 111 compressed objects within 2 object streams
 0 named destinations out of 1000 (max. 500000)
 66 words of extra memory for PDF output out of 10000 (max. 10000000)

