This is pdfTeX, Version 3.1415926-2.4-1.40.13 (TeX Live 2012) (format=pdflatex 2012.6.30)  27 JUN 2014 17:09
entering extended mode
 \write18 enabled.
 file:line:error style messages enabled.
 %&-line parsing enabled.
**PRS_paper.tex
(./PRS_paper.tex
LaTeX2e <2011/06/27>
Babel <v3.8m> and hyphenation patterns for english, dumylang, nohyphenation, ge
rman-x-2012-05-30, ngerman-x-2012-05-30, afrikaans, ancientgreek, ibycus, arabi
c, armenian, basque, bulgarian, catalan, pinyin, coptic, croatian, czech, danis
h, dutch, ukenglish, usenglishmax, esperanto, estonian, ethiopic, farsi, finnis
h, french, friulan, galician, german, ngerman, swissgerman, monogreek, greek, h
ungarian, icelandic, assamese, bengali, gujarati, hindi, kannada, malayalam, ma
rathi, oriya, panjabi, tamil, telugu, indonesian, interlingua, irish, italian, 
kurmanji, latin, latvian, lithuanian, mongolian, mongolianlmc, bokmal, nynorsk,
 polish, portuguese, romanian, romansh, russian, sanskrit, serbian, serbianc, s
lovak, slovenian, spanish, swedish, turkish, turkmen, ukrainian, uppersorbian, 
welsh, loaded.
(/usr/local/texlive/2012/texmf-dist/tex/latex/base/article.cls
Document Class: article 2007/10/19 v1.4h Standard LaTeX document class
(/usr/local/texlive/2012/texmf-dist/tex/latex/base/size12.clo
File: size12.clo 2007/10/19 v1.4h Standard LaTeX file (size option)
)
\c@part=\count79
\c@section=\count80
\c@subsection=\count81
\c@subsubsection=\count82
\c@paragraph=\count83
\c@subparagraph=\count84
\c@figure=\count85
\c@table=\count86
\abovecaptionskip=\skip41
\belowcaptionskip=\skip42
\bibindent=\dimen102
)
(/usr/local/texlive/2012/texmf-dist/tex/latex/graphics/graphicx.sty
Package: graphicx 1999/02/16 v1.0f Enhanced LaTeX Graphics (DPC,SPQR)

(/usr/local/texlive/2012/texmf-dist/tex/latex/graphics/keyval.sty
Package: keyval 1999/03/16 v1.13 key=value parser (DPC)
\KV@toks@=\toks14
)
(/usr/local/texlive/2012/texmf-dist/tex/latex/graphics/graphics.sty
Package: graphics 2009/02/05 v1.0o Standard LaTeX Graphics (DPC,SPQR)

(/usr/local/texlive/2012/texmf-dist/tex/latex/graphics/trig.sty
Package: trig 1999/03/16 v1.09 sin cos tan (DPC)
)
(/usr/local/texlive/2012/texmf-dist/tex/latex/latexconfig/graphics.cfg
File: graphics.cfg 2010/04/23 v1.9 graphics configuration of TeX Live
)
Package graphics Info: Driver file: pdftex.def on input line 91.

(/usr/local/texlive/2012/texmf-dist/tex/latex/pdftex-def/pdftex.def
File: pdftex.def 2011/05/27 v0.06d Graphics/color for pdfTeX

(/usr/local/texlive/2012/texmf-dist/tex/generic/oberdiek/infwarerr.sty
Package: infwarerr 2010/04/08 v1.3 Providing info/warning/error messages (HO)
)
(/usr/local/texlive/2012/texmf-dist/tex/generic/oberdiek/ltxcmds.sty
Package: ltxcmds 2011/11/09 v1.22 LaTeX kernel commands for general use (HO)
)
\Gread@gobject=\count87
))
\Gin@req@height=\dimen103
\Gin@req@width=\dimen104
)
(/usr/local/texlive/2012/texmf-dist/tex/latex/multirow/multirow.sty
\bigstrutjot=\dimen105
)
(/usr/local/texlive/2012/texmf-dist/tex/latex/preprint/authblk.sty
Package: authblk 2009/11/18 1.3 (PWD)
\affilsep=\skip43
\@affilsep=\skip44
\c@Maxaffil=\count88
\c@authors=\count89
\c@affil=\count90
)
(/usr/local/texlive/2012/texmf-dist/tex/latex/float/float.sty
Package: float 2001/11/08 v1.3d Float enhancements (AL)
\c@float@type=\count91
\float@exts=\toks15
\float@box=\box26
\@float@everytoks=\toks16
\@floatcapt=\box27
)
(/usr/local/texlive/2012/texmf-dist/tex/latex/rotating/rotating.sty
Package: rotating 2009/03/28 v2.16a rotated objects in LaTeX

(/usr/local/texlive/2012/texmf-dist/tex/latex/base/ifthen.sty
Package: ifthen 2001/05/26 v1.1c Standard LaTeX ifthen package (DPC)
)
\c@r@tfl@t=\count92
\rotFPtop=\skip45
\rotFPbot=\skip46
\rot@float@box=\box28
\rot@mess@toks=\toks17
)
(/usr/local/texlive/2012/texmf-dist/tex/latex/url/url.sty
\Urlmuskip=\muskip10
Package: url 2006/04/12  ver 3.3  Verb mode for urls, etc.
)
(/usr/local/texlive/2012/texmf-dist/tex/latex/graphics/lscape.sty
Package: lscape 2000/10/22 v3.01 Landscape Pages (DPC)
)
(/usr/local/texlive/2012/texmf-dist/tex/latex/tools/longtable.sty
Package: longtable 2004/02/01 v4.11 Multi-page Table package (DPC)
\LTleft=\skip47
\LTright=\skip48
\LTpre=\skip49
\LTpost=\skip50
\LTchunksize=\count93
\LTcapwidth=\dimen106
\LT@head=\box29
\LT@firsthead=\box30
\LT@foot=\box31
\LT@lastfoot=\box32
\LT@cols=\count94
\LT@rows=\count95
\c@LT@tables=\count96
\c@LT@chunks=\count97
\LT@p@ftn=\toks18
)
(/usr/local/texlive/2012/texmf-dist/tex/latex/subfig/subfig.sty
Package: subfig 2005/06/28 ver: 1.3 subfig package

(/usr/local/texlive/2012/texmf-dist/tex/latex/caption/caption.sty
Package: caption 2012/02/19 v3.2f Customizing captions (AR)

(/usr/local/texlive/2012/texmf-dist/tex/latex/caption/caption3.sty
Package: caption3 2012/01/12 v1.4b caption3 kernel (AR)
\captionmargin=\dimen107
\captionmargin@=\dimen108
\captionwidth=\dimen109
\caption@indent=\dimen110
\caption@parindent=\dimen111
\caption@hangindent=\dimen112
)
\c@ContinuedFloat=\count98
Package caption Info: float package is loaded.
Package caption Info: longtable package is loaded.

(/usr/local/texlive/2012/texmf-dist/tex/latex/caption/ltcaption.sty
Package: ltcaption 2011/09/12 v1.3 longtable captions (AR)
)
Package caption Info: rotating package is loaded.
)
\c@KVtest=\count99
\sf@farskip=\skip51
\sf@captopadj=\dimen113
\sf@capskip=\skip52
\sf@nearskip=\skip53
\c@subfigure=\count100
\c@subfigure@save=\count101
\c@lofdepth=\count102
\c@subtable=\count103
\c@subtable@save=\count104
\c@lotdepth=\count105
\sf@top=\skip54
\sf@bottom=\skip55
)
(/usr/local/texlive/2012/texmf-dist/tex/latex/natbib/natbib.sty
Package: natbib 2010/09/13 8.31b (PWD, AO)
\bibhang=\skip56
\bibsep=\skip57
LaTeX Info: Redefining \cite on input line 694.
\c@NAT@ctr=\count106
)
(/usr/local/texlive/2012/texmf-dist/tex/latex/lineno/lineno.sty
Package: lineno 2005/11/02 line numbers on paragraphs v4.41
\linenopenalty=\count107
\output=\toks19
\linenoprevgraf=\count108
\linenumbersep=\dimen114
\linenumberwidth=\dimen115
\c@linenumber=\count109
\c@pagewiselinenumber=\count110
\c@LN@truepage=\count111
\c@internallinenumber=\count112
\c@internallinenumbers=\count113
\quotelinenumbersep=\dimen116
\bframerule=\dimen117
\bframesep=\dimen118
\bframebox=\box33
LaTeX Info: Redefining \\ on input line 3056.
)
(/usr/local/texlive/2012/texmf-dist/tex/latex/amsmath/amsmath.sty
Package: amsmath 2000/07/18 v2.13 AMS math features
\@mathmargin=\skip58

For additional information on amsmath, use the `?' option.
(/usr/local/texlive/2012/texmf-dist/tex/latex/amsmath/amstext.sty
Package: amstext 2000/06/29 v2.01

(/usr/local/texlive/2012/texmf-dist/tex/latex/amsmath/amsgen.sty
File: amsgen.sty 1999/11/30 v2.0
\@emptytoks=\toks20
\ex@=\dimen119
))
(/usr/local/texlive/2012/texmf-dist/tex/latex/amsmath/amsbsy.sty
Package: amsbsy 1999/11/29 v1.2d
\pmbraise@=\dimen120
)
(/usr/local/texlive/2012/texmf-dist/tex/latex/amsmath/amsopn.sty
Package: amsopn 1999/12/14 v2.01 operator names
)
\inf@bad=\count114
LaTeX Info: Redefining \frac on input line 211.
\uproot@=\count115
\leftroot@=\count116
LaTeX Info: Redefining \overline on input line 307.
\classnum@=\count117
\DOTSCASE@=\count118
LaTeX Info: Redefining \ldots on input line 379.
LaTeX Info: Redefining \dots on input line 382.
LaTeX Info: Redefining \cdots on input line 467.
\Mathstrutbox@=\box34
\strutbox@=\box35
\big@size=\dimen121
LaTeX Font Info:    Redeclaring font encoding OML on input line 567.
LaTeX Font Info:    Redeclaring font encoding OMS on input line 568.
\macc@depth=\count119
\c@MaxMatrixCols=\count120
\dotsspace@=\muskip11
\c@parentequation=\count121
\dspbrk@lvl=\count122
\tag@help=\toks21
\row@=\count123
\column@=\count124
\maxfields@=\count125
\andhelp@=\toks22
\eqnshift@=\dimen122
\alignsep@=\dimen123
\tagshift@=\dimen124
\tagwidth@=\dimen125
\totwidth@=\dimen126
\lineht@=\dimen127
\@envbody=\toks23
\multlinegap=\skip59
\multlinetaggap=\skip60
\mathdisplay@stack=\toks24
LaTeX Info: Redefining \[ on input line 2666.
LaTeX Info: Redefining \] on input line 2667.
)
(/usr/local/texlive/2012/texmf-dist/tex/latex/graphics/epsfig.sty
Package: epsfig 1999/02/16 v1.7a (e)psfig emulation (SPQR)
\epsfxsize=\dimen128
\epsfysize=\dimen129
)
(/usr/local/texlive/2012/texmf-dist/tex/latex/base/latexsym.sty
Package: latexsym 1998/08/17 v2.2e Standard LaTeX package (lasy symbols)
\symlasy=\mathgroup4
LaTeX Font Info:    Overwriting symbol font `lasy' in version `bold'
(Font)                  U/lasy/m/n --> U/lasy/b/n on input line 47.
)
(./PRS_paper.aux)
\openout1 = `PRS_paper.aux'.

LaTeX Font Info:    Checking defaults for OML/cmm/m/it on input line 70.
LaTeX Font Info:    ... okay on input line 70.
LaTeX Font Info:    Checking defaults for T1/cmr/m/n on input line 70.
LaTeX Font Info:    ... okay on input line 70.
LaTeX Font Info:    Checking defaults for OT1/cmr/m/n on input line 70.
LaTeX Font Info:    ... okay on input line 70.
LaTeX Font Info:    Checking defaults for OMS/cmsy/m/n on input line 70.
LaTeX Font Info:    ... okay on input line 70.
LaTeX Font Info:    Checking defaults for OMX/cmex/m/n on input line 70.
LaTeX Font Info:    ... okay on input line 70.
LaTeX Font Info:    Checking defaults for U/cmr/m/n on input line 70.
LaTeX Font Info:    ... okay on input line 70.

(/usr/local/texlive/2012/texmf-dist/tex/context/base/supp-pdf.mkii
[Loading MPS to PDF converter (version 2006.09.02).]
\scratchcounter=\count126
\scratchdimen=\dimen130
\scratchbox=\box36
\nofMPsegments=\count127
\nofMParguments=\count128
\everyMPshowfont=\toks25
\MPscratchCnt=\count129
\MPscratchDim=\dimen131
\MPnumerator=\count130
\makeMPintoPDFobject=\count131
\everyMPtoPDFconversion=\toks26
) (/usr/local/texlive/2012/texmf-dist/tex/generic/oberdiek/pdftexcmds.sty
Package: pdftexcmds 2011/11/29 v0.20 Utility functions of pdfTeX for LuaTeX (HO
)

(/usr/local/texlive/2012/texmf-dist/tex/generic/oberdiek/ifluatex.sty
Package: ifluatex 2010/03/01 v1.3 Provides the ifluatex switch (HO)
Package ifluatex Info: LuaTeX not detected.
)
(/usr/local/texlive/2012/texmf-dist/tex/generic/oberdiek/ifpdf.sty
Package: ifpdf 2011/01/30 v2.3 Provides the ifpdf switch (HO)
Package ifpdf Info: pdfTeX in PDF mode is detected.
)
Package pdftexcmds Info: LuaTeX not detected.
Package pdftexcmds Info: \pdf@primitive is available.
Package pdftexcmds Info: \pdf@ifprimitive is available.
Package pdftexcmds Info: \pdfdraftmode found.
)
(/usr/local/texlive/2012/texmf-dist/tex/latex/oberdiek/epstopdf-base.sty
Package: epstopdf-base 2010/02/09 v2.5 Base part for package epstopdf

(/usr/local/texlive/2012/texmf-dist/tex/latex/oberdiek/grfext.sty
Package: grfext 2010/08/19 v1.1 Manage graphics extensions (HO)

(/usr/local/texlive/2012/texmf-dist/tex/generic/oberdiek/kvdefinekeys.sty
Package: kvdefinekeys 2011/04/07 v1.3 Define keys (HO)
))
(/usr/local/texlive/2012/texmf-dist/tex/latex/oberdiek/kvoptions.sty
Package: kvoptions 2011/06/30 v3.11 Key value format for package options (HO)

(/usr/local/texlive/2012/texmf-dist/tex/generic/oberdiek/kvsetkeys.sty
Package: kvsetkeys 2012/04/25 v1.16 Key value parser (HO)

(/usr/local/texlive/2012/texmf-dist/tex/generic/oberdiek/etexcmds.sty
Package: etexcmds 2011/02/16 v1.5 Avoid name clashes with e-TeX commands (HO)
Package etexcmds Info: Could not find \expanded.
(etexcmds)             That can mean that you are not using pdfTeX 1.50 or
(etexcmds)             that some package has redefined \expanded.
(etexcmds)             In the latter case, load this package earlier.
)))
Package grfext Info: Graphics extension search list:
(grfext)             [.png,.pdf,.jpg,.mps,.jpeg,.jbig2,.jb2,.PNG,.PDF,.JPG,.JPE
G,.JBIG2,.JB2,.eps]
(grfext)             \AppendGraphicsExtensions on input line 452.

(/usr/local/texlive/2012/texmf-dist/tex/latex/latexconfig/epstopdf-sys.cfg
File: epstopdf-sys.cfg 2010/07/13 v1.3 Configuration of (r)epstopdf for TeX Liv
e
))
Package caption Info: Begin \AtBeginDocument code.
Package caption Info: subfig package v1.3 is loaded.
Package caption Info: End \AtBeginDocument code.
LaTeX Font Info:    Try loading font information for U+lasy on input line 72.

(/usr/local/texlive/2012/texmf-dist/tex/latex/base/ulasy.fd
File: ulasy.fd 1998/08/17 v2.2e LaTeX symbol font definitions
) [1

{/usr/local/texlive/2012/texmf-var/fonts/map/pdftex/updmap/pdftex.map}] [2] [3]

Overfull \hbox (9.4829pt too wide) in paragraph at lines 189--196
\OT1/cmr/m/n/12 mul-ti-ple equally likely rep-re-sen-ta-tions of an ac-tual ter
-rain sur-face. Ehlschlaeger
 []

[4] [5] [6] [7] [8] [9] [10] [11] [12] [13] [14] [15] [16] [17] [18] [19]
[20] [21] [22]
Overfull \hbox (18.63867pt too wide) in paragraph at lines 892--896
 \OT1/cmr/bx/n/12 Ac-knowl-edg-ments.[] \OT1/cmr/m/n/12 This work was sup-porte
d by NASA grant NNX08AF75G.
 []

(./PRS_paper.bbl [23] [24]
Missing character: There is no â in font cmti12!
Missing character: There is no € in font cmti12!
Missing character: There is no ™ in font cmti12!
 [25] [26]
Underfull \hbox (badness 10000) in paragraph at lines 246--250
[]\OT1/cmr/m/n/12 GVP Global Vol-can-ism Pro-gram.  2012a.
 []


Underfull \hbox (badness 10000) in paragraph at lines 246--250
\OT1/cmr/m/n/12 Galeras.  \OT1/cmtt/m/n/12 http://www.volcano.si.edu/world/volc
ano.cfm
 []

[27] [28]) <figs_pdf/mammoth_error_correl.pdf, id=106, 361.35pt x 361.35pt>
File: figs_pdf/mammoth_error_correl.pdf Graphic file (type pdf)

<use figs_pdf/mammoth_error_correl.pdf>
Package pdftex.def Info: figs_pdf/mammoth_error_correl.pdf used on input line 9
03.
(pdftex.def)             Requested size: 284.53156pt x 284.53156pt.
 [29]
<figs_pdf/Aster_galeras.jpg, id=110, 562.1pt x 421.575pt>
File: figs_pdf/Aster_galeras.jpg Graphic file (type jpg)

<use figs_pdf/Aster_galeras.jpg>
Package pdftex.def Info: figs_pdf/Aster_galeras.jpg used on input line 916.
(pdftex.def)             Requested size: 227.62352pt x 170.71764pt.

Overfull \hbox (5.62114pt too wide) in paragraph at lines 914--919
[][] 
 []

<figs_pdf/topsar30m.jpg, id=111, 562.1pt x 421.575pt>
File: figs_pdf/topsar30m.jpg Graphic file (type jpg)

<use figs_pdf/topsar30m.jpg>
Package pdftex.def Info: figs_pdf/topsar30m.jpg used on input line 924.
(pdftex.def)             Requested size: 227.62352pt x 170.71764pt.

Overfull \hbox (5.62114pt too wide) in paragraph at lines 922--927
[][] 
 []

<figs_pdf/GalerasAsterCut_correlogram_line.pdf, id=112, 578.16pt x 361.35pt>
File: figs_pdf/GalerasAsterCut_correlogram_line.pdf Graphic file (type pdf)

<use figs_pdf/GalerasAsterCut_correlogram_line.pdf>
Package pdftex.def Info: figs_pdf/GalerasAsterCut_correlogram_line.pdf used on 
input line 931.
(pdftex.def)             Requested size: 227.61641pt x 142.26025pt.

Overfull \hbox (5.61403pt too wide) in paragraph at lines 929--934
[][] 
 []

<figs_pdf/Mammoth30mCut_correlogram_line.pdf, id=113, 578.16pt x 361.35pt>
File: figs_pdf/Mammoth30mCut_correlogram_line.pdf Graphic file (type pdf)

<use figs_pdf/Mammoth30mCut_correlogram_line.pdf>
Package pdftex.def Info: figs_pdf/Mammoth30mCut_correlogram_line.pdf used on in
put line 939.
(pdftex.def)             Requested size: 227.61641pt x 142.26025pt.

Overfull \hbox (5.61403pt too wide) in paragraph at lines 937--942
[][] 
 []


Overfull \hbox (80.61584pt too wide) in paragraph at lines 913--943
[][] $[]$
 []


Overfull \hbox (80.61584pt too wide) in paragraph at lines 913--943
[] $[]$ 
 []

[30 <./figs_pdf/mammoth_error_correl.pdf>]
<figs_pdf/Galeras_0_P.pdf, id=122, 578.16pt x 361.35pt>
File: figs_pdf/Galeras_0_P.pdf Graphic file (type pdf)

<use figs_pdf/Galeras_0_P.pdf>
Package pdftex.def Info: figs_pdf/Galeras_0_P.pdf used on input line 956.
(pdftex.def)             Requested size: 227.61641pt x 142.26025pt.

Overfull \hbox (5.61403pt too wide) in paragraph at lines 954--959
[][] 
 []

<figs_pdf/Galeras_0_sigma.pdf, id=123, 578.16pt x 361.35pt>
File: figs_pdf/Galeras_0_sigma.pdf Graphic file (type pdf)

<use figs_pdf/Galeras_0_sigma.pdf>
Package pdftex.def Info: figs_pdf/Galeras_0_sigma.pdf used on input line 964.
(pdftex.def)             Requested size: 227.61641pt x 142.26025pt.

Overfull \hbox (5.61403pt too wide) in paragraph at lines 962--967
[][] 
 []

<figs_pdf/Galeras_3_P.pdf, id=124, 578.16pt x 361.35pt>
File: figs_pdf/Galeras_3_P.pdf Graphic file (type pdf)

<use figs_pdf/Galeras_3_P.pdf>
Package pdftex.def Info: figs_pdf/Galeras_3_P.pdf used on input line 971.
(pdftex.def)             Requested size: 227.61641pt x 142.26025pt.

Overfull \hbox (5.61403pt too wide) in paragraph at lines 969--974
[][] 
 []

<figs_pdf/Galeras_3_sigma.pdf, id=125, 578.16pt x 361.35pt>
File: figs_pdf/Galeras_3_sigma.pdf Graphic file (type pdf)

<use figs_pdf/Galeras_3_sigma.pdf>
Package pdftex.def Info: figs_pdf/Galeras_3_sigma.pdf used on input line 979.
(pdftex.def)             Requested size: 227.61641pt x 142.26025pt.

Overfull \hbox (5.61403pt too wide) in paragraph at lines 977--982
[][] 
 []


Overfull \hbox (80.61584pt too wide) in paragraph at lines 953--992
[][] $[]$
 []


Overfull \hbox (80.61584pt too wide) in paragraph at lines 953--992
[] $[]$ 
 []

[31 <./figs_pdf/Aster_galeras.jpg> <./figs_pdf/topsar30m.jpg> <./figs_pdf/Galer
asAsterCut_correlogram_line.pdf> <./figs_pdf/Mammoth30mCut_correlogram_line.pdf
>] <figs_pdf/Mammoth_0_P.pdf, id=136, 578.16pt x 361.35pt>
File: figs_pdf/Mammoth_0_P.pdf Graphic file (type pdf)

<use figs_pdf/Mammoth_0_P.pdf>
Package pdftex.def Info: figs_pdf/Mammoth_0_P.pdf used on input line 1000.
(pdftex.def)             Requested size: 227.61641pt x 142.26025pt.

Overfull \hbox (5.61403pt too wide) in paragraph at lines 998--1003
[][] 
 []

<figs_pdf/Mammoth_0_sigma.pdf, id=137, 578.16pt x 361.35pt>
File: figs_pdf/Mammoth_0_sigma.pdf Graphic file (type pdf)

<use figs_pdf/Mammoth_0_sigma.pdf>
Package pdftex.def Info: figs_pdf/Mammoth_0_sigma.pdf used on input line 1008.
(pdftex.def)             Requested size: 227.61641pt x 142.26025pt.

Overfull \hbox (5.61403pt too wide) in paragraph at lines 1006--1011
[][] 
 []

<figs_pdf/Mammoth_3_P.pdf, id=138, 578.16pt x 361.35pt>
File: figs_pdf/Mammoth_3_P.pdf Graphic file (type pdf)

<use figs_pdf/Mammoth_3_P.pdf>
Package pdftex.def Info: figs_pdf/Mammoth_3_P.pdf used on input line 1015.
(pdftex.def)             Requested size: 227.61641pt x 142.26025pt.

Overfull \hbox (5.61403pt too wide) in paragraph at lines 1013--1018
[][] 
 []

<figs_pdf/Mammoth_3_sigma.pdf, id=139, 578.16pt x 361.35pt>
File: figs_pdf/Mammoth_3_sigma.pdf Graphic file (type pdf)

<use figs_pdf/Mammoth_3_sigma.pdf>
Package pdftex.def Info: figs_pdf/Mammoth_3_sigma.pdf used on input line 1023.
(pdftex.def)             Requested size: 227.61641pt x 142.26025pt.

Overfull \hbox (5.61403pt too wide) in paragraph at lines 1021--1026
[][] 
 []


Overfull \hbox (80.61584pt too wide) in paragraph at lines 997--1036
[][] $[]$
 []


Overfull \hbox (80.61584pt too wide) in paragraph at lines 997--1036
[] $[]$ 
 []

[32 <./figs_pdf/Galeras_0_P.pdf> <./figs_pdf/Galeras_0_sigma.pdf> <./figs_pdf/G
aleras_3_P.pdf> <./figs_pdf/Galeras_3_sigma.pdf>]
<figs_pdf/cloud_galeras.pdf, id=175, 578.16pt x 361.35pt>
File: figs_pdf/cloud_galeras.pdf Graphic file (type pdf)

<use figs_pdf/cloud_galeras.pdf>
Package pdftex.def Info: figs_pdf/cloud_galeras.pdf used on input line 1047.
(pdftex.def)             Requested size: 227.61641pt x 142.26025pt.

Overfull \hbox (5.61403pt too wide) in paragraph at lines 1045--1050
[][] 
 []

<figs_pdf/cloud_mammoth.pdf, id=176, 578.16pt x 361.35pt>
File: figs_pdf/cloud_mammoth.pdf Graphic file (type pdf)

<use figs_pdf/cloud_mammoth.pdf>
Package pdftex.def Info: figs_pdf/cloud_mammoth.pdf used on input line 1055.
(pdftex.def)             Requested size: 227.61641pt x 142.26025pt.

Overfull \hbox (5.61403pt too wide) in paragraph at lines 1053--1058
[][] 
 []


Overfull \hbox (80.61584pt too wide) in paragraph at lines 1044--1062
[][] $[]$ 
 []

[33 <./figs_pdf/Mammoth_0_P.pdf> <./figs_pdf/Mammoth_0_sigma.pdf> <./figs_pdf/M
ammoth_3_P.pdf> <./figs_pdf/Mammoth_3_sigma.pdf>]
<figs_pdf/cloud_Galeras_low.pdf, id=212, 578.16pt x 361.35pt>
File: figs_pdf/cloud_Galeras_low.pdf Graphic file (type pdf)

<use figs_pdf/cloud_Galeras_low.pdf>
Package pdftex.def Info: figs_pdf/cloud_Galeras_low.pdf used on input line 1070
.
(pdftex.def)             Requested size: 227.61641pt x 142.26025pt.

Overfull \hbox (5.61403pt too wide) in paragraph at lines 1068--1073
[][] 
 []

<figs_pdf/cloud_Mammoth_low.pdf, id=213, 578.16pt x 361.35pt>
File: figs_pdf/cloud_Mammoth_low.pdf Graphic file (type pdf)

<use figs_pdf/cloud_Mammoth_low.pdf>
Package pdftex.def Info: figs_pdf/cloud_Mammoth_low.pdf used on input line 1078
.
(pdftex.def)             Requested size: 227.61641pt x 142.26025pt.

Overfull \hbox (5.61403pt too wide) in paragraph at lines 1076--1081
[][] 
 []

<figs_pdf/cloud_Galeras_high.pdf, id=214, 578.16pt x 361.35pt>
File: figs_pdf/cloud_Galeras_high.pdf Graphic file (type pdf)

<use figs_pdf/cloud_Galeras_high.pdf>
Package pdftex.def Info: figs_pdf/cloud_Galeras_high.pdf used on input line 108
5.
(pdftex.def)             Requested size: 227.61641pt x 142.26025pt.

Overfull \hbox (5.61403pt too wide) in paragraph at lines 1083--1088
[][] 
 []

<figs_pdf/cloud_Mammoth_high.pdf, id=215, 578.16pt x 361.35pt>
File: figs_pdf/cloud_Mammoth_high.pdf Graphic file (type pdf)

<use figs_pdf/cloud_Mammoth_high.pdf>
Package pdftex.def Info: figs_pdf/cloud_Mammoth_high.pdf used on input line 109
3.
(pdftex.def)             Requested size: 227.61641pt x 142.26025pt.

Overfull \hbox (5.61403pt too wide) in paragraph at lines 1091--1096
[][] 
 []


Overfull \hbox (80.61584pt too wide) in paragraph at lines 1067--1100
[][] $[]$
 []


Overfull \hbox (80.61584pt too wide) in paragraph at lines 1067--1100
[] $[]$ 
 []

[34 <./figs_pdf/cloud_galeras.pdf> <./figs_pdf/cloud_mammoth.pdf>]
<figs_pdf/Galeras0_minus_Aster30.pdf, id=228, 578.16pt x 361.35pt>
File: figs_pdf/Galeras0_minus_Aster30.pdf Graphic file (type pdf)

<use figs_pdf/Galeras0_minus_Aster30.pdf>
Package pdftex.def Info: figs_pdf/Galeras0_minus_Aster30.pdf used on input line
 1148.
(pdftex.def)             Requested size: 227.61641pt x 142.26025pt.

Overfull \hbox (5.61403pt too wide) in paragraph at lines 1146--1151
[][] 
 []

<figs_pdf/Galeras3_minus_Aster30.pdf, id=229, 578.16pt x 361.35pt>
File: figs_pdf/Galeras3_minus_Aster30.pdf Graphic file (type pdf)

<use figs_pdf/Galeras3_minus_Aster30.pdf>
Package pdftex.def Info: figs_pdf/Galeras3_minus_Aster30.pdf used on input line
 1156.
(pdftex.def)             Requested size: 227.61641pt x 142.26025pt.

Overfull \hbox (5.61403pt too wide) in paragraph at lines 1154--1159
[][] 
 []

<figs_pdf/Mammoth0_minus_Aster30.pdf, id=230, 578.16pt x 361.35pt>
File: figs_pdf/Mammoth0_minus_Aster30.pdf Graphic file (type pdf)

<use figs_pdf/Mammoth0_minus_Aster30.pdf>
Package pdftex.def Info: figs_pdf/Mammoth0_minus_Aster30.pdf used on input line
 1163.
(pdftex.def)             Requested size: 227.61641pt x 142.26025pt.

Overfull \hbox (5.61403pt too wide) in paragraph at lines 1161--1166
[][] 
 []

File: figs_pdf/Mammoth0_minus_Aster30.pdf Graphic file (type pdf)
<use figs_pdf/Mammoth0_minus_Aster30.pdf>
Package pdftex.def Info: figs_pdf/Mammoth0_minus_Aster30.pdf used on input line
 1171.
(pdftex.def)             Requested size: 227.61641pt x 142.26025pt.

Overfull \hbox (5.61403pt too wide) in paragraph at lines 1169--1174
[][] 
 []


Overfull \hbox (80.61584pt too wide) in paragraph at lines 1145--1179
[][] $[]$
 []


Overfull \hbox (80.61584pt too wide) in paragraph at lines 1145--1179
[] $[]$ 
 []

[35 <./figs_pdf/cloud_Galeras_low.pdf> <./figs_pdf/cloud_Mammoth_low.pdf> <./fi
gs_pdf/cloud_Galeras_high.pdf> <./figs_pdf/cloud_Mammoth_high.pdf>]
<figs_pdf/Galeras_Aster_vs_meth0.pdf, id=250, 578.16pt x 361.35pt>
File: figs_pdf/Galeras_Aster_vs_meth0.pdf Graphic file (type pdf)

<use figs_pdf/Galeras_Aster_vs_meth0.pdf>
Package pdftex.def Info: figs_pdf/Galeras_Aster_vs_meth0.pdf used on input line
 1190.
(pdftex.def)             Requested size: 227.61641pt x 142.26025pt.

Overfull \hbox (5.61403pt too wide) in paragraph at lines 1188--1193
[][] 
 []

<figs_pdf/Galeras_Aster_vs_meth3.pdf, id=251, 578.16pt x 361.35pt>
File: figs_pdf/Galeras_Aster_vs_meth3.pdf Graphic file (type pdf)

<use figs_pdf/Galeras_Aster_vs_meth3.pdf>
Package pdftex.def Info: figs_pdf/Galeras_Aster_vs_meth3.pdf used on input line
 1198.
(pdftex.def)             Requested size: 227.61641pt x 142.26025pt.

Overfull \hbox (5.61403pt too wide) in paragraph at lines 1196--1201
[][] 
 []

<figs_pdf/Mammoth_Topsar_vs_meth0.pdf, id=252, 578.16pt x 361.35pt>
File: figs_pdf/Mammoth_Topsar_vs_meth0.pdf Graphic file (type pdf)

<use figs_pdf/Mammoth_Topsar_vs_meth0.pdf>
Package pdftex.def Info: figs_pdf/Mammoth_Topsar_vs_meth0.pdf used on input lin
e 1205.
(pdftex.def)             Requested size: 227.61641pt x 142.26025pt.

Overfull \hbox (5.61403pt too wide) in paragraph at lines 1203--1208
[][] 
 []

<figs_pdf/Mammoth_Topsar_vs_meth3.pdf, id=253, 578.16pt x 361.35pt>
File: figs_pdf/Mammoth_Topsar_vs_meth3.pdf Graphic file (type pdf)

<use figs_pdf/Mammoth_Topsar_vs_meth3.pdf>
Package pdftex.def Info: figs_pdf/Mammoth_Topsar_vs_meth3.pdf used on input lin
e 1213.
(pdftex.def)             Requested size: 227.61641pt x 142.26025pt.

Overfull \hbox (5.61403pt too wide) in paragraph at lines 1211--1216
[][] 
 []


Overfull \hbox (80.61584pt too wide) in paragraph at lines 1187--1224
[][] $[]$
 []


Overfull \hbox (80.61584pt too wide) in paragraph at lines 1187--1224
[] $[]$ 
 []

[36 <./figs_pdf/Galeras0_minus_Aster30.pdf> <./figs_pdf/Galeras3_minus_Aster30.
pdf> <./figs_pdf/Mammoth0_minus_Aster30.pdf>] [37 <./figs_pdf/Galeras_Aster_vs_
meth0.pdf> <./figs_pdf/Galeras_Aster_vs_meth3.pdf> <./figs_pdf/Mammoth_Topsar_v
s_meth0.pdf> <./figs_pdf/Mammoth_Topsar_vs_meth3.pdf>] (./PRS_paper.aux) ) 
Here is how much of TeX's memory you used:
 4612 strings out of 493488
 70600 string characters out of 3141326
 134100 words of memory out of 3000000
 7813 multiletter control sequences out of 15000+200000
 13260 words of font info for 52 fonts, out of 3000000 for 9000
 957 hyphenation exceptions out of 8191
 44i,16n,42p,812b,382s stack positions out of 5000i,500n,10000p,200000b,50000s
</usr
/local/texlive/2012/texmf-dist/fonts/type1/public/amsfonts/cm/cmbx10.pfb></usr/
local/texlive/2012/texmf-dist/fonts/type1/public/amsfonts/cm/cmbx12.pfb></usr/l
ocal/texlive/2012/texmf-dist/fonts/type1/public/amsfonts/cm/cmbx8.pfb></usr/loc
al/texlive/2012/texmf-dist/fonts/type1/public/amsfonts/cm/cmex10.pfb></usr/loca
l/texlive/2012/texmf-dist/fonts/type1/public/amsfonts/cm/cmmi10.pfb></usr/local
/texlive/2012/texmf-dist/fonts/type1/public/amsfonts/cm/cmmi12.pfb></usr/local/
texlive/2012/texmf-dist/fonts/type1/public/amsfonts/cm/cmmi6.pfb></usr/local/te
xlive/2012/texmf-dist/fonts/type1/public/amsfonts/cm/cmmi8.pfb></usr/local/texl
ive/2012/texmf-dist/fonts/type1/public/amsfonts/cm/cmr10.pfb></usr/local/texliv
e/2012/texmf-dist/fonts/type1/public/amsfonts/cm/cmr12.pfb></usr/local/texlive/
2012/texmf-dist/fonts/type1/public/amsfonts/cm/cmr17.pfb></usr/local/texlive/20
12/texmf-dist/fonts/type1/public/amsfonts/cm/cmr8.pfb></usr/local/texlive/2012/
texmf-dist/fonts/type1/public/amsfonts/cm/cmsy10.pfb></usr/local/texlive/2012/t
exmf-dist/fonts/type1/public/amsfonts/cm/cmsy8.pfb></usr/local/texlive/2012/tex
mf-dist/fonts/type1/public/amsfonts/cm/cmti12.pfb></usr/local/texlive/2012/texm
f-dist/fonts/type1/public/amsfonts/cm/cmtt12.pfb>
Output written on PRS_paper.pdf (37 pages, 5950092 bytes).
PDF statistics:
 355 PDF objects out of 1000 (max. 8388607)
 205 compressed objects within 3 object streams
 0 named destinations out of 1000 (max. 500000)
 131 words of extra memory for PDF output out of 10000 (max. 10000000)

