This is pdfTeX, Version 3.1415926-1.40.11 (TeX Live 2010) (format=pdflatex 2010.7.21)  4 DEC 2011 17:25
entering extended mode
 \write18 enabled.
 file:line:error style messages enabled.
 %&-line parsing enabled.
**paper_PRS_up.tex
(./paper_PRS_up.tex
LaTeX2e <2009/09/24>
Babel <v3.8l> and hyphenation patterns for english, dumylang, nohyphenation, ge
rman-x-2009-06-19, ngerman-x-2009-06-19, ancientgreek, ibycus, arabic, armenian
, basque, bulgarian, catalan, pinyin, coptic, croatian, czech, danish, dutch, u
kenglish, usenglishmax, esperanto, estonian, farsi, finnish, french, galician, 
german, ngerman, swissgerman, monogreek, greek, hungarian, icelandic, assamese,
 bengali, gujarati, hindi, kannada, malayalam, marathi, oriya, panjabi, tamil, 
telugu, indonesian, interlingua, irish, italian, kurmanji, lao, latin, latvian,
 lithuanian, mongolian, mongolianlmc, bokmal, nynorsk, polish, portuguese, roma
nian, russian, sanskrit, serbian, slovak, slovenian, spanish, swedish, turkish,
 turkmen, ukrainian, uppersorbian, welsh, loaded.
(/usr/local/texlive/2010/texmf-dist/tex/latex/base/article.cls
Document Class: article 2007/10/19 v1.4h Standard LaTeX document class
(/usr/local/texlive/2010/texmf-dist/tex/latex/base/size12.clo
File: size12.clo 2007/10/19 v1.4h Standard LaTeX file (size option)
)
\c@part=\count79
\c@section=\count80
\c@subsection=\count81
\c@subsubsection=\count82
\c@paragraph=\count83
\c@subparagraph=\count84
\c@figure=\count85
\c@table=\count86
\abovecaptionskip=\skip41
\belowcaptionskip=\skip42
\bibindent=\dimen102
)
(/usr/local/texlive/2010/texmf-dist/tex/latex/graphics/graphicx.sty
Package: graphicx 1999/02/16 v1.0f Enhanced LaTeX Graphics (DPC,SPQR)

(/usr/local/texlive/2010/texmf-dist/tex/latex/graphics/keyval.sty
Package: keyval 1999/03/16 v1.13 key=value parser (DPC)
\KV@toks@=\toks14
)
(/usr/local/texlive/2010/texmf-dist/tex/latex/graphics/graphics.sty
Package: graphics 2009/02/05 v1.0o Standard LaTeX Graphics (DPC,SPQR)

(/usr/local/texlive/2010/texmf-dist/tex/latex/graphics/trig.sty
Package: trig 1999/03/16 v1.09 sin cos tan (DPC)
)
(/usr/local/texlive/2010/texmf-dist/tex/latex/latexconfig/graphics.cfg
File: graphics.cfg 2010/04/23 v1.9 graphics configuration of TeX Live
)
Package graphics Info: Driver file: pdftex.def on input line 91.

(/usr/local/texlive/2010/texmf-dist/tex/latex/pdftex-def/pdftex.def
File: pdftex.def 2010/02/14 v0.04n Graphics/color for pdfTeX
\Gread@gobject=\count87
))
\Gin@req@height=\dimen103
\Gin@req@width=\dimen104
)
(/usr/local/texlive/2010/texmf-dist/tex/latex/multirow/multirow.sty
\bigstrutjot=\dimen105
)
(/usr/local/texlive/2010/texmf-dist/tex/latex/preprint/authblk.sty
Package: authblk 2009/11/18 1.3 (PWD)
\affilsep=\skip43
\@affilsep=\skip44
\c@Maxaffil=\count88
\c@authors=\count89
\c@affil=\count90
)
(/usr/local/texlive/2010/texmf-dist/tex/latex/float/float.sty
Package: float 2001/11/08 v1.3d Float enhancements (AL)
\c@float@type=\count91
\float@exts=\toks15
\float@box=\box26
\@float@everytoks=\toks16
\@floatcapt=\box27
)
(/usr/local/texlive/2010/texmf-dist/tex/latex/rotating/rotating.sty
Package: rotating 2009/03/28 v2.16a rotated objects in LaTeX

(/usr/local/texlive/2010/texmf-dist/tex/latex/base/ifthen.sty
Package: ifthen 2001/05/26 v1.1c Standard LaTeX ifthen package (DPC)
)
\c@r@tfl@t=\count92
\rotFPtop=\skip45
\rotFPbot=\skip46
\rot@float@box=\box28
\rot@mess@toks=\toks17
)
(/usr/local/texlive/2010/texmf-dist/tex/latex/url/url.sty
\Urlmuskip=\muskip10
Package: url 2006/04/12  ver 3.3  Verb mode for urls, etc.
)
(/usr/local/texlive/2010/texmf-dist/tex/latex/graphics/lscape.sty
Package: lscape 2000/10/22 v3.01 Landscape Pages (DPC)
)
(/usr/local/texlive/2010/texmf-dist/tex/latex/tools/longtable.sty
Package: longtable 2004/02/01 v4.11 Multi-page Table package (DPC)
\LTleft=\skip47
\LTright=\skip48
\LTpre=\skip49
\LTpost=\skip50
\LTchunksize=\count93
\LTcapwidth=\dimen106
\LT@head=\box29
\LT@firsthead=\box30
\LT@foot=\box31
\LT@lastfoot=\box32
\LT@cols=\count94
\LT@rows=\count95
\c@LT@tables=\count96
\c@LT@chunks=\count97
\LT@p@ftn=\toks18
)
(/usr/local/texlive/2010/texmf-dist/tex/latex/natbib/natbib.sty
Package: natbib 2009/11/07 8.31a (PWD, AO)
\bibhang=\skip51
\bibsep=\skip52
LaTeX Info: Redefining \cite on input line 694.
\c@NAT@ctr=\count98
)
(/usr/local/texlive/2010/texmf-dist/tex/latex/amsmath/amsmath.sty
Package: amsmath 2000/07/18 v2.13 AMS math features
\@mathmargin=\skip53

For additional information on amsmath, use the `?' option.
(/usr/local/texlive/2010/texmf-dist/tex/latex/amsmath/amstext.sty
Package: amstext 2000/06/29 v2.01

(/usr/local/texlive/2010/texmf-dist/tex/latex/amsmath/amsgen.sty
File: amsgen.sty 1999/11/30 v2.0
\@emptytoks=\toks19
\ex@=\dimen107
))
(/usr/local/texlive/2010/texmf-dist/tex/latex/amsmath/amsbsy.sty
Package: amsbsy 1999/11/29 v1.2d
\pmbraise@=\dimen108
)
(/usr/local/texlive/2010/texmf-dist/tex/latex/amsmath/amsopn.sty
Package: amsopn 1999/12/14 v2.01 operator names
)
\inf@bad=\count99
LaTeX Info: Redefining \frac on input line 211.
\uproot@=\count100
\leftroot@=\count101
LaTeX Info: Redefining \overline on input line 307.
\classnum@=\count102
\DOTSCASE@=\count103
LaTeX Info: Redefining \ldots on input line 379.
LaTeX Info: Redefining \dots on input line 382.
LaTeX Info: Redefining \cdots on input line 467.
\Mathstrutbox@=\box33
\strutbox@=\box34
\big@size=\dimen109
LaTeX Font Info:    Redeclaring font encoding OML on input line 567.
LaTeX Font Info:    Redeclaring font encoding OMS on input line 568.
\macc@depth=\count104
\c@MaxMatrixCols=\count105
\dotsspace@=\muskip11
\c@parentequation=\count106
\dspbrk@lvl=\count107
\tag@help=\toks20
\row@=\count108
\column@=\count109
\maxfields@=\count110
\andhelp@=\toks21
\eqnshift@=\dimen110
\alignsep@=\dimen111
\tagshift@=\dimen112
\tagwidth@=\dimen113
\totwidth@=\dimen114
\lineht@=\dimen115
\@envbody=\toks22
\multlinegap=\skip54
\multlinetaggap=\skip55
\mathdisplay@stack=\toks23
LaTeX Info: Redefining \[ on input line 2666.
LaTeX Info: Redefining \] on input line 2667.
)
(/usr/local/texlive/2010/texmf-dist/tex/latex/graphics/epsfig.sty
Package: epsfig 1999/02/16 v1.7a (e)psfig emulation (SPQR)
\epsfxsize=\dimen116
\epsfysize=\dimen117
)
(/usr/local/texlive/2010/texmf-dist/tex/latex/caption/caption.sty
Package: caption 2010/01/09 v3.1m Customizing captions (AR)

(/usr/local/texlive/2010/texmf-dist/tex/latex/caption/caption3.sty
Package: caption3 2010/01/14 v3.1m caption3 kernel (AR)
\captionmargin=\dimen118
\captionmargin@=\dimen119
\captionwidth=\dimen120
\caption@indent=\dimen121
\caption@parindent=\dimen122
\caption@hangindent=\dimen123
)
\c@ContinuedFloat=\count111
Package caption Info: float package is loaded.
Package caption Info: longtable package is loaded.

(/usr/local/texlive/2010/texmf-dist/tex/latex/caption/ltcaption.sty
Package: ltcaption 2008/03/28 v1.2 longtable captions (AR)
)
Package caption Info: rotating package is loaded.
)
(/usr/local/texlive/2010/texmf-dist/tex/latex/base/latexsym.sty
Package: latexsym 1998/08/17 v2.2e Standard LaTeX package (lasy symbols)
\symlasy=\mathgroup4
LaTeX Font Info:    Overwriting symbol font `lasy' in version `bold'
(Font)                  U/lasy/m/n --> U/lasy/b/n on input line 47.
)
(./paper_PRS_up.aux)
\openout1 = `paper_PRS_up.aux'.

LaTeX Font Info:    Checking defaults for OML/cmm/m/it on input line 70.
LaTeX Font Info:    ... okay on input line 70.
LaTeX Font Info:    Checking defaults for T1/cmr/m/n on input line 70.
LaTeX Font Info:    ... okay on input line 70.
LaTeX Font Info:    Checking defaults for OT1/cmr/m/n on input line 70.
LaTeX Font Info:    ... okay on input line 70.
LaTeX Font Info:    Checking defaults for OMS/cmsy/m/n on input line 70.
LaTeX Font Info:    ... okay on input line 70.
LaTeX Font Info:    Checking defaults for OMX/cmex/m/n on input line 70.
LaTeX Font Info:    ... okay on input line 70.
LaTeX Font Info:    Checking defaults for U/cmr/m/n on input line 70.
LaTeX Font Info:    ... okay on input line 70.

(/usr/local/texlive/2010/texmf-dist/tex/context/base/supp-pdf.mkii
[Loading MPS to PDF converter (version 2006.09.02).]
\scratchcounter=\count112
\scratchdimen=\dimen124
\scratchbox=\box35
\nofMPsegments=\count113
\nofMParguments=\count114
\everyMPshowfont=\toks24
\MPscratchCnt=\count115
\MPscratchDim=\dimen125
\MPnumerator=\count116
\everyMPtoPDFconversion=\toks25
) (/usr/local/texlive/2010/texmf-dist/tex/generic/oberdiek/pdftexcmds.sty
Package: pdftexcmds 2010/04/01 v0.9 Utility functions of pdfTeX for LuaTeX (HO)


(/usr/local/texlive/2010/texmf-dist/tex/generic/oberdiek/infwarerr.sty
Package: infwarerr 2010/04/08 v1.3 Providing info/warning/message (HO)
)
(/usr/local/texlive/2010/texmf-dist/tex/generic/oberdiek/ifluatex.sty
Package: ifluatex 2010/03/01 v1.3 Provides the ifluatex switch (HO)
Package ifluatex Info: LuaTeX not detected.
)
(/usr/local/texlive/2010/texmf-dist/tex/generic/oberdiek/ltxcmds.sty
Package: ltxcmds 2010/04/26 v1.7 LaTeX kernel commands for general use (HO)
)
Package pdftexcmds Info: LuaTeX not detected.
Package pdftexcmds Info: \pdf@primitive is available.
Package pdftexcmds Info: \pdf@ifprimitive is available.
)
(/usr/local/texlive/2010/texmf-dist/tex/latex/oberdiek/epstopdf-base.sty
Package: epstopdf-base 2010/02/09 v2.5 Base part for package epstopdf

(/usr/local/texlive/2010/texmf-dist/tex/latex/oberdiek/grfext.sty
Package: grfext 2007/09/30 v1.0 Managing graphics extensions (HO)
)
(/usr/local/texlive/2010/texmf-dist/tex/latex/oberdiek/kvoptions.sty
Package: kvoptions 2010/02/22 v3.7 Keyval support for LaTeX options (HO)

(/usr/local/texlive/2010/texmf-dist/tex/generic/oberdiek/kvsetkeys.sty
Package: kvsetkeys 2010/03/01 v1.9 Key value parser (HO)

(/usr/local/texlive/2010/texmf-dist/tex/generic/oberdiek/etexcmds.sty
Package: etexcmds 2010/01/28 v1.3 Prefix for e-TeX command names (HO)
Package etexcmds Info: Could not find \expanded.
(etexcmds)             That can mean that you are not using pdfTeX 1.50 or
(etexcmds)             that some package has redefined \expanded.
(etexcmds)             In the latter case, load this package earlier.
)))
Package grfext Info: Graphics extension search list:
(grfext)             [.png,.pdf,.jpg,.mps,.jpeg,.jbig2,.jb2,.PNG,.PDF,.JPG,.JPE
G,.JBIG2,.JB2,.eps]
(grfext)             \AppendGraphicsExtensions on input line 436.

(/usr/local/texlive/2010/texmf-dist/tex/latex/latexconfig/epstopdf-sys.cfg
File: epstopdf-sys.cfg 2010/07/13 v1.3 Configuration of (r)epstopdf for TeX Liv
e
))
Package caption Info: Begin \AtBeginDocument code.
Package caption Info: End \AtBeginDocument code.
LaTeX Font Info:    Try loading font information for U+lasy on input line 72.

(/usr/local/texlive/2010/texmf-dist/tex/latex/base/ulasy.fd
File: ulasy.fd 1998/08/17 v2.2e LaTeX symbol font definitions
) [1

{/Users/Ramona/Library/texlive/2010/texmf-var/fonts/map/pdftex/updmap/pdftex.ma
p}]

Package natbib Warning: Citation `murcia_2010' on page 2 undefined on input lin
e 119.


Package natbib Warning: Citation `Proctor2010' on page 2 undefined on input lin
e 119.


Package natbib Warning: Citation `Sheridan2010' on page 2 undefined on input li
ne 119.


Package natbib Warning: Citation `Takahashi2000' on page 2 undefined on input l
ine 122.


Package natbib Warning: Citation `Keith' on page 2 undefined on input line 122.



Package natbib Warning: Citation `Atkinson2002' on page 2 undefined on input li
ne 126.


Package natbib Warning: Citation `Keith' on page 2 undefined on input line 126.



Package natbib Warning: Citation `Patra2005' on page 2 undefined on input line 
128.

[2]

Package natbib Warning: Citation `Wechsler2006' on page 3 undefined on input li
ne 141.


Package natbib Warning: Citation `Shortridge2001' on page 3 undefined on input 
line 151.


Package natbib Warning: Citation `Wechsler2006' on page 3 undefined on input li
ne 156.


Package natbib Warning: Citation `Amii_Darnell' on page 3 undefined on input li
ne 156.


Package natbib Warning: Citation `Heuvelink1990' on page 3 undefined on input l
ine 162.


Package natbib Warning: Citation `Qihao_Weng' on page 3 undefined on input line
 167.


Package natbib Warning: Citation `Heuvelink1989' on page 3 undefined on input l
ine 174.


Package natbib Warning: Citation `VanNiel2004' on page 3 undefined on input lin
e 174.


Package natbib Warning: Citation `Oksanen2006' on page 3 undefined on input lin
e 174.


Package natbib Warning: Citation `Wechsler2006' on page 3 undefined on input li
ne 176.


Package natbib Warning: Citation `Florinsky1998' on page 3 undefined on input l
ine 181.

[3]

Package natbib Warning: Citation `Fisher_1991' on page 4 undefined on input lin
e 193.


Package natbib Warning: Citation `Goodchild_1992' on page 4 undefined on input 
line 193.


Package natbib Warning: Citation `Hunter_Goodchild_1997' on page 4 undefined on
 input line 202.


Package natbib Warning: Citation `Ehlschlaeger_1996' on page 4 undefined on inp
ut line 202.


Package natbib Warning: Citation `Ehlschlaeger_1996' on page 4 undefined on inp
ut line 209.


Package natbib Warning: Citation `Hunter_Goodchild_1997' on page 4 undefined on
 input line 211.


Package natbib Warning: Citation `Felix_Hebeler' on page 4 undefined on input l
ine 214.


Package natbib Warning: Citation `Amii_Darnell' on page 4 undefined on input li
ne 216.

[4]

Package natbib Warning: Citation `Keith' on page 5 undefined on input line 225.



Package natbib Warning: Citation `Ehlschlaeger_1996' on page 5 undefined on inp
ut line 236.


Package natbib Warning: Citation `Ehlschlaeger_1996' on page 5 undefined on inp
ut line 243.

[5]

Package natbib Warning: Citation `stefanescu1' on page 6 undefined on input lin
e 307.

[6]

Package natbib Warning: Citation `Ehlschlaeger_1994' on page 7 undefined on inp
ut line 385.


Package natbib Warning: Citation `Ehlschlaeger_1994' on page 7 undefined on inp
ut line 399.


Package natbib Warning: Citation `Mitasova1996' on page 7 undefined on input li
ne 400.

[7]

LaTeX Warning: Reference `fig1' on page 8 undefined on input line 439.


LaTeX Warning: Reference `eqn2' on page 8 undefined on input line 440.


LaTeX Warning: Reference `eqn1' on page 8 undefined on input line 447.

[8] [9]

LaTeX Warning: Reference `fig2' on page 10 undefined on input line 496.


LaTeX Warning: Reference `fig2' on page 10 undefined on input line 505.


LaTeX Warning: Reference `subsec: Model Set-up' on page 10 undefined on input l
ine 509.

[10]

Package natbib Warning: Citation `Keith' on page 11 undefined on input line 563
.


Package natbib Warning: Citation `dalbeythesis' on page 11 undefined on input l
ine 567.


Package natbib Warning: Citation `Keith' on page 11 undefined on input line 567
.


Package natbib Warning: Citation `dalbeythesis' on page 11 undefined on input l
ine 571.


Package natbib Warning: Citation `Mitasova1996' on page 11 undefined on input l
ine 580.

[11]

Package natbib Warning: Citation `Savage1989' on page 12 undefined on input lin
e 619.


Package natbib Warning: Citation `Patra2005' on page 12 undefined on input line
 624.

[12]

Package natbib Warning: Citation `Keith' on page 13 undefined on input line 651
.

[13]

Package natbib Warning: Citation `simpson1' on page 14 undefined on input line 
671.


Package natbib Warning: Citation `simpson2' on page 14 undefined on input line 
671.


Package natbib Warning: Citation `kennedy2001bcc' on page 14 undefined on input
 line 674.


Package natbib Warning: Citation `ContiOHagan' on page 14 undefined on input li
ne 674.


Package natbib Warning: Citation `ohagan2006bac' on page 14 undefined on input 
line 674.


Package natbib Warning: Citation `bayarriusc' on page 14 undefined on input lin
e 674.


Package natbib Warning: Citation `blm1tutor' on page 14 undefined on input line
 679.

[14]

Package natbib Warning: Citation `hurtado_1997' on page 15 undefined on input l
ine 703.


Package natbib Warning: Citation `calvache1997' on page 15 undefined on input l
ine 716.


Package natbib Warning: Citation `narvaez_1997' on page 15 undefined on input l
ine 717.


Package natbib Warning: Citation `baxter1997' on page 15 undefined on input lin
e 722.


Package natbib Warning: Citation `ordones_2000' on page 15 undefined on input l
ine 728.


Package natbib Warning: Citation `calvache_1990a' on page 15 undefined on input
 line 730.

[15]

Package natbib Warning: Citation `Bailey1989' on page 16 undefined on input lin
e 743.


Package natbib Warning: Citation `Keith' on page 16 undefined on input line 770
.


Package natbib Warning: Citation `sheridan_2005' on page 16 undefined on input 
line 770.


Package natbib Warning: Citation `Patra2005' on page 16 undefined on input line
 773.


Package natbib Warning: Citation `murcia_2010' on page 16 undefined on input li
ne 773.

[16]

Package natbib Warning: Citation `Patra2005' on page 17 undefined on input line
 778.


Package natbib Warning: Citation `stinton_2006' on page 17 undefined on input l
ine 778.


Package natbib Warning: Citation `murcia_2010' on page 17 undefined on input li
ne 781.


Package natbib Warning: Citation `calvache_1990a' on page 17 undefined on input
 line 789.


Package natbib Warning: Citation `Patra2005' on page 17 undefined on input line
 794.


Package natbib Warning: Citation `Burkett2007' on page 17 undefined on input li
ne 794.

[17]

LaTeX Warning: Reference `fig2' on page 18 undefined on input line 814.


LaTeX Warning: Reference `fig3' on page 18 undefined on input line 828.


LaTeX Warning: Reference `fig3' on page 18 undefined on input line 833.


LaTeX Warning: Reference `fig4' on page 18 undefined on input line 833.


LaTeX Warning: Reference `fig4' on page 18 undefined on input line 835.

[18]

LaTeX Warning: Reference `fig5' on page 19 undefined on input line 850.


LaTeX Warning: Reference `fig6' on page 19 undefined on input line 877.

[19]

LaTeX Warning: Reference `fig7' on page 20 undefined on input line 891.


LaTeX Warning: Reference `fig8' on page 20 undefined on input line 897.


LaTeX Warning: Reference `fig9' on page 20 undefined on input line 897.


Overfull \hbox (18.63867pt too wide) in paragraph at lines 914--918
 \OT1/cmr/bx/n/12 Ac-knowl-edg-ments.[] \OT1/cmr/m/n/12 This work was sup-porte
d by NASA grant NNX08AF75G.
 []

[20]
No file paper_PRS_up.bbl.
<mammoth_error_correl.jpg, id=80, 562.1pt x 421.575pt>
File: mammoth_error_correl.jpg Graphic file (type jpg)

<use mammoth_error_correl.jpg>

LaTeX Warning: Reference `eqn1' on page 21 undefined on input line 930.


LaTeX Warning: Reference `eqn1' on page 21 undefined on input line 930.

<Aster_galeras.jpg, id=81, 562.1pt x 421.575pt>
File: Aster_galeras.jpg Graphic file (type jpg)
 <use Aster_galeras.jpg>
Overfull \hbox (5.62114pt too wide) in paragraph at lines 936--941
[][] 
 []

<topsar30m.jpg, id=82, 562.1pt x 421.575pt>
File: topsar30m.jpg Graphic file (type jpg)
 <use topsar30m.jpg>
Overfull \hbox (5.62114pt too wide) in paragraph at lines 944--949
[][] 
 []

<GalerasAsterCut_correlogram_line.jpg, id=83, 562.1pt x 421.575pt>
File: GalerasAsterCut_correlogram_line.jpg Graphic file (type jpg)

<use GalerasAsterCut_correlogram_line.jpg>
Overfull \hbox (5.62114pt too wide) in paragraph at lines 951--956
[][] 
 []

<Mammoth30Cut_correlogram_line.jpg, id=84, 562.1pt x 421.575pt>
File: Mammoth30Cut_correlogram_line.jpg Graphic file (type jpg)

<use Mammoth30Cut_correlogram_line.jpg>
Overfull \hbox (5.62114pt too wide) in paragraph at lines 959--964
[][] 
 []


Overfull \hbox (80.61584pt too wide) in paragraph at lines 935--965
[][] $[]$
 []


Overfull \hbox (80.61584pt too wide) in paragraph at lines 935--965
[] $[]$ 
 []

[21 <./mammoth_error_correl.jpg>]
<Galeras_0_P_5m.jpg, id=89, 562.1pt x 421.575pt>
File: Galeras_0_P_5m.jpg Graphic file (type jpg)
 <use Galeras_0_P_5m.jpg>
Overfull \hbox (5.62114pt too wide) in paragraph at lines 976--981
[][] 
 []

<Galeras_0_sigma_5m.jpg, id=90, 564.1075pt x 421.575pt>
File: Galeras_0_sigma_5m.jpg Graphic file (type jpg)

<use Galeras_0_sigma_5m.jpg>
Overfull \hbox (5.61635pt too wide) in paragraph at lines 984--989
[][] 
 []

<Galeras_3_P_5m.jpg, id=91, 562.1pt x 421.575pt>
File: Galeras_3_P_5m.jpg Graphic file (type jpg)
 <use Galeras_3_P_5m.jpg>
Overfull \hbox (5.62114pt too wide) in paragraph at lines 991--996
[][] 
 []

<Galeras_3_sigma_5m.jpg, id=92, 562.1pt x 421.575pt>
File: Galeras_3_sigma_5m.jpg Graphic file (type jpg)

<use Galeras_3_sigma_5m.jpg>
Overfull \hbox (5.62114pt too wide) in paragraph at lines 999--1004
[][] 
 []


Overfull \hbox (80.61584pt too wide) in paragraph at lines 975--1014
[][] $[]$
 []


Overfull \hbox (80.61584pt too wide) in paragraph at lines 975--1014
[] $[]$ 
 []

[22 <./Aster_galeras.jpg> <./topsar30m.jpg> <./GalerasAsterCut_correlogram_line
.jpg> <./Mammoth30Cut_correlogram_line.jpg>]
<Mammoth_0_P_5m.jpg, id=96, 562.1pt x 421.575pt>
File: Mammoth_0_P_5m.jpg Graphic file (type jpg)
 <use Mammoth_0_P_5m.jpg>
Overfull \hbox (5.62114pt too wide) in paragraph at lines 1020--1025
[][] 
 []

<Mammoth_0_sigma_5m.jpg, id=97, 562.1pt x 421.575pt>
File: Mammoth_0_sigma_5m.jpg Graphic file (type jpg)

<use Mammoth_0_sigma_5m.jpg>
Overfull \hbox (5.62114pt too wide) in paragraph at lines 1028--1033
[][] 
 []

<Mammoth_3_P_5m.jpg, id=98, 562.1pt x 421.575pt>
File: Mammoth_3_P_5m.jpg Graphic file (type jpg)
 <use Mammoth_3_P_5m.jpg>
Overfull \hbox (5.62114pt too wide) in paragraph at lines 1035--1040
[][] 
 []

<Mammoth_3_sigma_5m.jpg, id=99, 562.1pt x 421.575pt>
File: Mammoth_3_sigma_5m.jpg Graphic file (type jpg)

<use Mammoth_3_sigma_5m.jpg>
Overfull \hbox (5.62114pt too wide) in paragraph at lines 1043--1048
[][] 
 []


Overfull \hbox (80.61584pt too wide) in paragraph at lines 1019--1058
[][] $[]$
 []


Overfull \hbox (80.61584pt too wide) in paragraph at lines 1019--1058
[] $[]$ 
 []

[23 <./Galeras_0_P_5m.jpg> <./Galeras_0_sigma_5m.jpg> <./Galeras_3_P_5m.jpg> <.
/Galeras_3_sigma_5m.jpg>] <cloud_galeras.jpg, id=103, 562.1pt x 421.575pt>
File: cloud_galeras.jpg Graphic file (type jpg)

<use cloud_galeras.jpg>
Overfull \hbox (5.62114pt too wide) in paragraph at lines 1064--1069
[][] 
 []

<cloud_mammoth.jpg, id=104, 562.1pt x 421.575pt>
File: cloud_mammoth.jpg Graphic file (type jpg)
 <use cloud_mammoth.jpg>
Overfull \hbox (5.62114pt too wide) in paragraph at lines 1072--1077
[][] 
 []


Overfull \hbox (80.61584pt too wide) in paragraph at lines 1063--1081
[][] $[]$ 
 []

[24 <./Mammoth_0_P_5m.jpg> <./Mammoth_0_sigma_5m.jpg> <./Mammoth_3_P_5m.jpg> <.
/Mammoth_3_sigma_5m.jpg>] <cloud_Galeras_low.jpg, id=108, 562.1pt x 421.575pt>
File: cloud_Galeras_low.jpg Graphic file (type jpg)

<use cloud_Galeras_low.jpg>
Overfull \hbox (5.62114pt too wide) in paragraph at lines 1087--1092
[][] 
 []

<cloud_Mammoth_low.jpg, id=109, 562.1pt x 421.575pt>
File: cloud_Mammoth_low.jpg Graphic file (type jpg)

<use cloud_Mammoth_low.jpg>
Overfull \hbox (5.62114pt too wide) in paragraph at lines 1095--1100
[][] 
 []

<cloud_Galeras_high.jpg, id=110, 562.1pt x 421.575pt>
File: cloud_Galeras_high.jpg Graphic file (type jpg)

<use cloud_Galeras_high.jpg>
Overfull \hbox (5.62114pt too wide) in paragraph at lines 1102--1107
[][] 
 []

<cloud_Mammoth_high.jpg, id=111, 562.1pt x 421.575pt>
File: cloud_Mammoth_high.jpg Graphic file (type jpg)

<use cloud_Mammoth_high.jpg>
Overfull \hbox (5.62114pt too wide) in paragraph at lines 1110--1115
[][] 
 []


Overfull \hbox (80.61584pt too wide) in paragraph at lines 1086--1119
[][] $[]$
 []


Overfull \hbox (80.61584pt too wide) in paragraph at lines 1086--1119
[] $[]$ 
 []

[25 <./cloud_galeras.jpg> <./cloud_mammoth.jpg>]
<Galeras_Aster30_P.jpg, id=116, 562.1pt x 421.575pt>
File: Galeras_Aster30_P.jpg Graphic file (type jpg)

<use Galeras_Aster30_P.jpg>
Overfull \hbox (5.62114pt too wide) in paragraph at lines 1125--1130
[][] 
 []

<Galeras_Aster30_sigma.jpg, id=117, 562.1pt x 421.575pt>
File: Galeras_Aster30_sigma.jpg Graphic file (type jpg)

<use Galeras_Aster30_sigma.jpg>
Overfull \hbox (5.62114pt too wide) in paragraph at lines 1133--1138
[][] 
 []

<Mammoth_Topsar30_P.jpg, id=118, 562.1pt x 421.575pt>
File: Mammoth_Topsar30_P.jpg Graphic file (type jpg)

<use Mammoth_Topsar30_P.jpg>
Overfull \hbox (5.62114pt too wide) in paragraph at lines 1140--1145
[][] 
 []

<Mammoth_Topsar30_sigma.jpg, id=119, 562.1pt x 421.575pt>
File: Mammoth_Topsar30_sigma.jpg Graphic file (type jpg)

<use Mammoth_Topsar30_sigma.jpg>
Overfull \hbox (5.62114pt too wide) in paragraph at lines 1148--1153
[][] 
 []


Overfull \hbox (80.61584pt too wide) in paragraph at lines 1124--1159
[][] $[]$
 []


Overfull \hbox (80.61584pt too wide) in paragraph at lines 1124--1159
[] $[]$ 
 []

[26 <./cloud_Galeras_low.jpg> <./cloud_Mammoth_low.jpg> <./cloud_Galeras_high.j
pg> <./cloud_Mammoth_high.jpg>]
<Galeras0_minus_Aster30.jpg, id=123, 562.1pt x 421.575pt>
File: Galeras0_minus_Aster30.jpg Graphic file (type jpg)

<use Galeras0_minus_Aster30.jpg>
Overfull \hbox (5.62114pt too wide) in paragraph at lines 1165--1170
[][] 
 []

<Galeras3_minus_Aster30.jpg, id=124, 562.1pt x 421.575pt>
File: Galeras3_minus_Aster30.jpg Graphic file (type jpg)

<use Galeras3_minus_Aster30.jpg>
Overfull \hbox (5.62114pt too wide) in paragraph at lines 1173--1178
[][] 
 []

<Mammoth0_minus_Topsar30.jpg, id=125, 562.1pt x 421.575pt>
File: Mammoth0_minus_Topsar30.jpg Graphic file (type jpg)

<use Mammoth0_minus_Topsar30.jpg>
Overfull \hbox (5.62114pt too wide) in paragraph at lines 1180--1185
[][] 
 []

<Mammoth3_minus_Topsar30.jpg, id=126, 562.1pt x 421.575pt>
File: Mammoth3_minus_Topsar30.jpg Graphic file (type jpg)

<use Mammoth3_minus_Topsar30.jpg>
Overfull \hbox (5.62114pt too wide) in paragraph at lines 1188--1193
[][] 
 []


Overfull \hbox (80.61584pt too wide) in paragraph at lines 1164--1198
[][] $[]$
 []


Overfull \hbox (80.61584pt too wide) in paragraph at lines 1164--1198
[] $[]$ 
 []

[27 <./Galeras_Aster30_P.jpg> <./Galeras_Aster30_sigma.jpg> <./Mammoth_Topsar30
_P.jpg> <./Mammoth_Topsar30_sigma.jpg>]
<Galeras_Aster_vs_meth0.jpg, id=130, 562.1pt x 421.575pt>
File: Galeras_Aster_vs_meth0.jpg Graphic file (type jpg)

<use Galeras_Aster_vs_meth0.jpg>
Overfull \hbox (5.62114pt too wide) in paragraph at lines 1204--1209
[][] 
 []

<Galeras_Aster_vs_meth3.jpg, id=131, 562.1pt x 421.575pt>
File: Galeras_Aster_vs_meth3.jpg Graphic file (type jpg)

<use Galeras_Aster_vs_meth3.jpg>
Overfull \hbox (5.62114pt too wide) in paragraph at lines 1212--1217
[][] 
 []

<Mammoth_Topsar_vs_meth0.jpg, id=132, 562.1pt x 421.575pt>
File: Mammoth_Topsar_vs_meth0.jpg Graphic file (type jpg)

<use Mammoth_Topsar_vs_meth0.jpg>
Overfull \hbox (5.62114pt too wide) in paragraph at lines 1219--1224
[][] 
 []

<Mammoth_Topsar_vs_meth3.jpg, id=133, 562.1pt x 421.575pt>
File: Mammoth_Topsar_vs_meth3.jpg Graphic file (type jpg)

<use Mammoth_Topsar_vs_meth3.jpg>
Overfull \hbox (5.62114pt too wide) in paragraph at lines 1227--1232
[][] 
 []


Overfull \hbox (80.61584pt too wide) in paragraph at lines 1203--1240
[][] $[]$
 []


Overfull \hbox (80.61584pt too wide) in paragraph at lines 1203--1240
[] $[]$ 
 []

[28 <./Galeras0_minus_Aster30.jpg> <./Galeras3_minus_Aster30.jpg> <./Mammoth0_m
inus_Topsar30.jpg> <./Mammoth3_minus_Topsar30.jpg>]

Package natbib Warning: There were undefined citations.

[29 <./Galeras_Aster_vs_meth0.jpg> <./Galeras_Aster_vs_meth3.jpg> <./Mammoth_To
psar_vs_meth0.jpg> <./Mammoth_Topsar_vs_meth3.jpg>] (./paper_PRS_up.aux)

LaTeX Warning: There were undefined references.


LaTeX Warning: Label(s) may have changed. Rerun to get cross-references right.

 ) 
Here is how much of TeX's memory you used:
 3910 strings out of 493747
 58165 string characters out of 3143546
 121752 words of memory out of 3000000
 7109 multiletter control sequences out of 15000+200000
 13091 words of font info for 51 fonts, out of 3000000 for 9000
 714 hyphenation exceptions out of 8191
 38i,16n,38p,717b,370s stack positions out of 5000i,500n,10000p,200000b,50000s
</usr/local/texlive/2010/texmf-dist/fonts/type1/public/amsfonts/cm/cmbx10.pfb
></usr/local/texlive/2010/texmf-dist/fonts/type1/public/amsfonts/cm/cmbx12.pfb>
</usr/local/texlive/2010/texmf-dist/fonts/type1/public/amsfonts/cm/cmbx8.pfb></
usr/local/texlive/2010/texmf-dist/fonts/type1/public/amsfonts/cm/cmex10.pfb></u
sr/local/texlive/2010/texmf-dist/fonts/type1/public/amsfonts/cm/cmmi10.pfb></us
r/local/texlive/2010/texmf-dist/fonts/type1/public/amsfonts/cm/cmmi12.pfb></usr
/local/texlive/2010/texmf-dist/fonts/type1/public/amsfonts/cm/cmmi6.pfb></usr/l
ocal/texlive/2010/texmf-dist/fonts/type1/public/amsfonts/cm/cmmi8.pfb></usr/loc
al/texlive/2010/texmf-dist/fonts/type1/public/amsfonts/cm/cmr10.pfb></usr/local
/texlive/2010/texmf-dist/fonts/type1/public/amsfonts/cm/cmr12.pfb></usr/local/t
exlive/2010/texmf-dist/fonts/type1/public/amsfonts/cm/cmr17.pfb></usr/local/tex
live/2010/texmf-dist/fonts/type1/public/amsfonts/cm/cmr8.pfb></usr/local/texliv
e/2010/texmf-dist/fonts/type1/public/amsfonts/cm/cmsy10.pfb></usr/local/texlive
/2010/texmf-dist/fonts/type1/public/amsfonts/cm/cmsy8.pfb></usr/local/texlive/2
010/texmf-dist/fonts/type1/public/amsfonts/cm/cmti12.pfb>
Output written on paper_PRS_up.pdf (29 pages, 1669125 bytes).
PDF statistics:
 189 PDF objects out of 1000 (max. 8388607)
 110 compressed objects within 2 object streams
 0 named destinations out of 1000 (max. 500000)
 156 words of extra memory for PDF output out of 10000 (max. 10000000)

