This is pdfTeX, Version 3.1415926-1.40.11 (TeX Live 2010) (format=pdflatex 2010.7.21)  8 OCT 2010 11:50
entering extended mode
 \write18 enabled.
 file:line:error style messages enabled.
 %&-line parsing enabled.
**paperIemss0210-2_final.tex
(./paperIemss0210-2_final.tex
LaTeX2e <2009/09/24>
Babel <v3.8l> and hyphenation patterns for english, dumylang, nohyphenation, ge
rman-x-2009-06-19, ngerman-x-2009-06-19, ancientgreek, ibycus, arabic, armenian
, basque, bulgarian, catalan, pinyin, coptic, croatian, czech, danish, dutch, u
kenglish, usenglishmax, esperanto, estonian, farsi, finnish, french, galician, 
german, ngerman, swissgerman, monogreek, greek, hungarian, icelandic, assamese,
 bengali, gujarati, hindi, kannada, malayalam, marathi, oriya, panjabi, tamil, 
telugu, indonesian, interlingua, irish, italian, kurmanji, lao, latin, latvian,
 lithuanian, mongolian, mongolianlmc, bokmal, nynorsk, polish, portuguese, roma
nian, russian, sanskrit, serbian, slovak, slovenian, spanish, swedish, turkish,
 turkmen, ukrainian, uppersorbian, welsh, loaded.
(/usr/local/texlive/2010/texmf-dist/tex/latex/base/article.cls
Document Class: article 2007/10/19 v1.4h Standard LaTeX document class
(/usr/local/texlive/2010/texmf-dist/tex/latex/base/fleqn.clo
File: fleqn.clo 1998/08/17 v1.1c Standard LaTeX option (flush left equations)
\mathindent=\dimen102
)
(/usr/local/texlive/2010/texmf-dist/tex/latex/base/size10.clo
File: size10.clo 2007/10/19 v1.4h Standard LaTeX file (size option)
)
\c@part=\count79
\c@section=\count80
\c@subsection=\count81
\c@subsubsection=\count82
\c@paragraph=\count83
\c@subparagraph=\count84
\c@figure=\count85
\c@table=\count86
\abovecaptionskip=\skip41
\belowcaptionskip=\skip42
\bibindent=\dimen103
) (./iemss.sty
\@bls=\dimen104
\@eps=\dimen105
\@blsAdd=\dimen106
\fm@box=\box26
\c@address=\count87
\abstract@box=\box27
\t@keyword=\box28
\@tempcntc=\count88
)
(/usr/local/texlive/2010/texmf-dist/tex/latex/psnfss/times.sty
Package: times 2005/04/12 PSNFSS-v9.2a (SPQR) 
)
(/usr/local/texlive/2010/texmf-dist/tex/latex/graphics/graphicx.sty
Package: graphicx 1999/02/16 v1.0f Enhanced LaTeX Graphics (DPC,SPQR)

(/usr/local/texlive/2010/texmf-dist/tex/latex/graphics/keyval.sty
Package: keyval 1999/03/16 v1.13 key=value parser (DPC)
\KV@toks@=\toks14
)
(/usr/local/texlive/2010/texmf-dist/tex/latex/graphics/graphics.sty
Package: graphics 2009/02/05 v1.0o Standard LaTeX Graphics (DPC,SPQR)

(/usr/local/texlive/2010/texmf-dist/tex/latex/graphics/trig.sty
Package: trig 1999/03/16 v1.09 sin cos tan (DPC)
)
(/usr/local/texlive/2010/texmf-dist/tex/latex/latexconfig/graphics.cfg
File: graphics.cfg 2010/04/23 v1.9 graphics configuration of TeX Live
)
Package graphics Info: Driver file: pdftex.def on input line 91.

(/usr/local/texlive/2010/texmf-dist/tex/latex/pdftex-def/pdftex.def
File: pdftex.def 2010/02/14 v0.04n Graphics/color for pdfTeX
\Gread@gobject=\count89
))
\Gin@req@height=\dimen107
\Gin@req@width=\dimen108
)
(/usr/local/texlive/2010/texmf-dist/tex/latex/natbib/natbib.sty
Package: natbib 2009/11/07 8.31a (PWD, AO)
\bibhang=\skip43
\bibsep=\skip44
LaTeX Info: Redefining \cite on input line 694.
\c@NAT@ctr=\count90
)
(/usr/local/texlive/2010/texmf-dist/tex/latex/multirow/multirow.sty
\bigstrutjot=\dimen109
)
(/usr/local/texlive/2010/texmf-dist/tex/latex/float/float.sty
Package: float 2001/11/08 v1.3d Float enhancements (AL)
\c@float@type=\count91
\float@exts=\toks15
\float@box=\box29
\@float@everytoks=\toks16
\@floatcapt=\box30
)
(/usr/local/texlive/2010/texmf-dist/tex/latex/subfig/subfig.sty
Package: subfig 2005/06/28 ver: 1.3 subfig package

(/usr/local/texlive/2010/texmf-dist/tex/latex/caption/caption.sty
Package: caption 2010/01/09 v3.1m Customizing captions (AR)

(/usr/local/texlive/2010/texmf-dist/tex/latex/caption/caption3.sty
Package: caption3 2010/01/14 v3.1m caption3 kernel (AR)
\captionmargin=\dimen110
\captionmargin@=\dimen111
\captionwidth=\dimen112
\caption@indent=\dimen113
\caption@parindent=\dimen114
\caption@hangindent=\dimen115
)
\c@ContinuedFloat=\count92
Package caption Info: float package is loaded.
)
\c@KVtest=\count93
\sf@farskip=\skip45
\sf@captopadj=\dimen116
\sf@capskip=\skip46
\sf@nearskip=\skip47
\c@subfigure=\count94
\c@subfigure@save=\count95
\c@lofdepth=\count96
\c@subtable=\count97
\c@subtable@save=\count98
\c@lotdepth=\count99
\sf@top=\skip48
\sf@bottom=\skip49
)
(./paperIemss0210-2_final.aux)
\openout1 = `paperIemss0210-2_final.aux'.

LaTeX Font Info:    Checking defaults for OML/cmm/m/it on input line 35.
LaTeX Font Info:    ... okay on input line 35.
LaTeX Font Info:    Checking defaults for T1/cmr/m/n on input line 35.
LaTeX Font Info:    ... okay on input line 35.
LaTeX Font Info:    Checking defaults for OT1/cmr/m/n on input line 35.
LaTeX Font Info:    ... okay on input line 35.
LaTeX Font Info:    Checking defaults for OMS/cmsy/m/n on input line 35.
LaTeX Font Info:    ... okay on input line 35.
LaTeX Font Info:    Checking defaults for OMX/cmex/m/n on input line 35.
LaTeX Font Info:    ... okay on input line 35.
LaTeX Font Info:    Checking defaults for U/cmr/m/n on input line 35.
LaTeX Font Info:    ... okay on input line 35.
LaTeX Font Info:    Try loading font information for OT1+ptm on input line 35.

(/usr/local/texlive/2010/texmf-dist/tex/latex/psnfss/ot1ptm.fd
File: ot1ptm.fd 2001/06/04 font definitions for OT1/ptm.
)
(/usr/local/texlive/2010/texmf-dist/tex/context/base/supp-pdf.mkii
[Loading MPS to PDF converter (version 2006.09.02).]
\scratchcounter=\count100
\scratchdimen=\dimen117
\scratchbox=\box31
\nofMPsegments=\count101
\nofMParguments=\count102
\everyMPshowfont=\toks17
\MPscratchCnt=\count103
\MPscratchDim=\dimen118
\MPnumerator=\count104
\everyMPtoPDFconversion=\toks18
) (/usr/local/texlive/2010/texmf-dist/tex/generic/oberdiek/pdftexcmds.sty
Package: pdftexcmds 2010/04/01 v0.9 Utility functions of pdfTeX for LuaTeX (HO)


(/usr/local/texlive/2010/texmf-dist/tex/generic/oberdiek/infwarerr.sty
Package: infwarerr 2010/04/08 v1.3 Providing info/warning/message (HO)
)
(/usr/local/texlive/2010/texmf-dist/tex/generic/oberdiek/ifluatex.sty
Package: ifluatex 2010/03/01 v1.3 Provides the ifluatex switch (HO)
Package ifluatex Info: LuaTeX not detected.
)
(/usr/local/texlive/2010/texmf-dist/tex/generic/oberdiek/ltxcmds.sty
Package: ltxcmds 2010/04/26 v1.7 LaTeX kernel commands for general use (HO)
)
Package pdftexcmds Info: LuaTeX not detected.
Package pdftexcmds Info: \pdf@primitive is available.
Package pdftexcmds Info: \pdf@ifprimitive is available.
)
(/usr/local/texlive/2010/texmf-dist/tex/latex/oberdiek/epstopdf-base.sty
Package: epstopdf-base 2010/02/09 v2.5 Base part for package epstopdf

(/usr/local/texlive/2010/texmf-dist/tex/latex/oberdiek/grfext.sty
Package: grfext 2007/09/30 v1.0 Managing graphics extensions (HO)
)
(/usr/local/texlive/2010/texmf-dist/tex/latex/oberdiek/kvoptions.sty
Package: kvoptions 2010/02/22 v3.7 Keyval support for LaTeX options (HO)

(/usr/local/texlive/2010/texmf-dist/tex/generic/oberdiek/kvsetkeys.sty
Package: kvsetkeys 2010/03/01 v1.9 Key value parser (HO)

(/usr/local/texlive/2010/texmf-dist/tex/generic/oberdiek/etexcmds.sty
Package: etexcmds 2010/01/28 v1.3 Prefix for e-TeX command names (HO)
Package etexcmds Info: Could not find \expanded.
(etexcmds)             That can mean that you are not using pdfTeX 1.50 or
(etexcmds)             that some package has redefined \expanded.
(etexcmds)             In the latter case, load this package earlier.
)))
Package grfext Info: Graphics extension search list:
(grfext)             [.png,.pdf,.jpg,.mps,.jpeg,.jbig2,.jb2,.PNG,.PDF,.JPG,.JPE
G,.JBIG2,.JB2,.eps]
(grfext)             \AppendGraphicsExtensions on input line 436.

(/usr/local/texlive/2010/texmf-dist/tex/latex/latexconfig/epstopdf-sys.cfg
File: epstopdf-sys.cfg 2010/07/13 v1.3 Configuration of (r)epstopdf for TeX Liv
e
))
Package caption Info: Begin \AtBeginDocument code.
Package caption3 Info: subfig package 1.2 or 1.3 is loaded.
LaTeX Info: Redefining \subref on input line 35.
Package caption Info: End \AtBeginDocument code.
LaTeX Font Info:    Font shape `OT1/ptm/bx/n' in size <10> not available
(Font)              Font shape `OT1/ptm/b/n' tried instead on input line 37.
LaTeX Font Info:    Font shape `OT1/ptm/bx/it' in size <10> not available
(Font)              Font shape `OT1/ptm/b/it' tried instead on input line 45.
LaTeX Font Info:    Font shape `OT1/ptm/bx/n' in size <18> not available
(Font)              Font shape `OT1/ptm/b/n' tried instead on input line 49.
LaTeX Font Info:    External font `cmex10' loaded for size
(Font)              <7> on input line 49.
LaTeX Font Info:    External font `cmex10' loaded for size
(Font)              <5> on input line 49.
LaTeX Font Info:    Font shape `OT1/ptm/bx/sc' in size <10> not available
(Font)              Font shape `OT1/ptm/b/sc' tried instead on input line 52.

[1

{/usr/local/texlive/2010/texmf-var/fonts/map/pdftex/updmap/pdftex.map}]
Underfull \vbox (badness 10000) has occurred while \output is active []


Overfull \vbox (5.4559pt too high) has occurred while \output is active []


[2]
LaTeX Font Info:    External font `cmex10' loaded for size
(Font)              <8> on input line 237.
LaTeX Font Info:    External font `cmex10' loaded for size
(Font)              <6> on input line 237.

Overfull \vbox (5.4559pt too high) has occurred while \output is active []


[3]
Overfull \vbox (5.4559pt too high) has occurred while \output is active []


[4]
Overfull \vbox (5.4559pt too high) has occurred while \output is active []


[5] <SRTM30_dem.jpg, id=32, 1204.5pt x 903.375pt>
File: SRTM30_dem.jpg Graphic file (type jpg)
 <use SRTM30_dem.jpg>
<difference.jpg, id=33, 1204.5pt x 903.375pt>
File: difference.jpg Graphic file (type jpg)
 <use difference.jpg>
Overfull \hbox (79.58075pt too wide) in paragraph at lines 448--464
[][] $[]$ 
 []

<Mammoth_low.jpg, id=34, 501.875pt x 316.18124pt>
File: Mammoth_low.jpg Graphic file (type jpg)
 <use Mammoth_low.jpg>
<ned30_low.jpg, id=35, 508.90125pt x 317.185pt>
File: ned30_low.jpg Graphic file (type jpg)
 <use ned30_low.jpg>
Overfull \hbox (79.58075pt too wide) in paragraph at lines 469--485
[][] $[]$ 
 []

<fig1.jpg, id=36, 562.1pt x 421.575pt>
File: fig1.jpg Graphic file (type jpg)
 <use fig1.jpg>
<fig2.jpg, id=37, 562.1pt x 421.575pt>
File: fig2.jpg Graphic file (type jpg)
 <use fig2.jpg>
Overfull \hbox (79.58075pt too wide) in paragraph at lines 490--506
[][] $[]$ 
 []


Overfull \vbox (5.4559pt too high) has occurred while \output is active []


[6 <./SRTM30_dem.jpg> <./difference.jpg> <./Mammoth_low.jpg> <./ned30_low.jpg>]
(./paperIemss0210-2_final.bbl
Overfull \vbox (5.4559pt too high) has occurred while \output is active []


[7 <./fig1.jpg> <./fig2.jpg>])
Overfull \vbox (5.4559pt too high) has occurred while \output is active []


[8] (./paperIemss0210-2_final.aux) ) 
Here is how much of TeX's memory you used:
 3012 strings out of 493747
 46341 string characters out of 3143546
 117828 words of memory out of 3000000
 6262 multiletter control sequences out of 15000+200000
 21739 words of font info for 43 fonts, out of 3000000 for 9000
 714 hyphenation exceptions out of 8191
 44i,13n,42p,421b,350s stack positions out of 5000i,500n,10000p,200000b,50000s
{/usr/local/texlive/2010/texmf-dist/fonts/e
nc/dvips/base/8r.enc}</usr/local/texlive/2010/texmf-dist/fonts/type1/public/ams
fonts/cm/cmbx10.pfb></usr/local/texlive/2010/texmf-dist/fonts/type1/public/amsf
onts/cm/cmbx7.pfb></usr/local/texlive/2010/texmf-dist/fonts/type1/public/amsfon
ts/cm/cmmi10.pfb></usr/local/texlive/2010/texmf-dist/fonts/type1/public/amsfont
s/cm/cmmi7.pfb></usr/local/texlive/2010/texmf-dist/fonts/type1/public/amsfonts/
cm/cmr10.pfb></usr/local/texlive/2010/texmf-dist/fonts/type1/public/amsfonts/cm
/cmr6.pfb></usr/local/texlive/2010/texmf-dist/fonts/type1/public/amsfonts/cm/cm
r7.pfb></usr/local/texlive/2010/texmf-dist/fonts/type1/public/amsfonts/cm/cmsy1
0.pfb></usr/local/texlive/2010/texmf-dist/fonts/type1/public/amsfonts/cm/cmsy7.
pfb></usr/local/texlive/2010/texmf-dist/fonts/type1/urw/times/utmb8a.pfb></usr/
local/texlive/2010/texmf-dist/fonts/type1/urw/times/utmbi8a.pfb></usr/local/tex
live/2010/texmf-dist/fonts/type1/urw/times/utmr8a.pfb></usr/local/texlive/2010/
texmf-dist/fonts/type1/urw/times/utmr8a.pfb></usr/local/texlive/2010/texmf-dist
/fonts/type1/urw/times/utmri8a.pfb>
Output written on paperIemss0210-2_final.pdf (8 pages, 939174 bytes).
PDF statistics:
 94 PDF objects out of 1000 (max. 8388607)
 63 compressed objects within 1 object stream
 0 named destinations out of 1000 (max. 500000)
 31 words of extra memory for PDF output out of 10000 (max. 10000000)

