This is pdfTeX, Version 3.1415926-1.40.10 (TeX Live 2009) (format=pdflatex 2009.11.7)  2 APR 2010 12:30
entering extended mode
 \write18 enabled.
 %&-line parsing enabled.
**iemss_galeras_march3010-2.tex
(./iemss_galeras_march3010-2.tex
LaTeX2e <2009/09/24>
Babel <v3.8l> and hyphenation patterns for english, usenglishmax, dumylang, noh
yphenation, german-x-2009-06-19, ngerman-x-2009-06-19, ancientgreek, ibycus, ar
abic, basque, bulgarian, catalan, pinyin, coptic, croatian, czech, danish, dutc
h, esperanto, estonian, farsi, finnish, french, galician, german, ngerman, mono
greek, greek, hungarian, icelandic, indonesian, interlingua, irish, italian, ku
rmanji, latin, latvian, lithuanian, mongolian, mongolian2a, bokmal, nynorsk, po
lish, portuguese, romanian, russian, sanskrit, serbian, slovak, slovenian, span
ish, swedish, turkish, ukenglish, ukrainian, uppersorbian, welsh, loaded.
(/usr/local/texlive/2009/texmf-dist/tex/latex/base/article.cls
Document Class: article 2007/10/19 v1.4h Standard LaTeX document class
(/usr/local/texlive/2009/texmf-dist/tex/latex/base/fleqn.clo
File: fleqn.clo 1998/08/17 v1.1c Standard LaTeX option (flush left equations)
\mathindent=\dimen102
)
(/usr/local/texlive/2009/texmf-dist/tex/latex/base/size10.clo
File: size10.clo 2007/10/19 v1.4h Standard LaTeX file (size option)
)
\c@part=\count79
\c@section=\count80
\c@subsection=\count81
\c@subsubsection=\count82
\c@paragraph=\count83
\c@subparagraph=\count84
\c@figure=\count85
\c@table=\count86
\abovecaptionskip=\skip41
\belowcaptionskip=\skip42
\bibindent=\dimen103
) (./iemss.sty
\@bls=\dimen104
\@eps=\dimen105
\@blsAdd=\dimen106
\fm@box=\box26
\c@address=\count87
\abstract@box=\box27
\t@keyword=\box28
\@tempcntc=\count88
)
(/usr/local/texlive/2009/texmf-dist/tex/latex/psnfss/times.sty
Package: times 2005/04/12 PSNFSS-v9.2a (SPQR) 
)
(/usr/local/texlive/2009/texmf-dist/tex/latex/graphics/graphicx.sty
Package: graphicx 1999/02/16 v1.0f Enhanced LaTeX Graphics (DPC,SPQR)

(/usr/local/texlive/2009/texmf-dist/tex/latex/graphics/keyval.sty
Package: keyval 1999/03/16 v1.13 key=value parser (DPC)
\KV@toks@=\toks14
)
(/usr/local/texlive/2009/texmf-dist/tex/latex/graphics/graphics.sty
Package: graphics 2009/02/05 v1.0o Standard LaTeX Graphics (DPC,SPQR)

(/usr/local/texlive/2009/texmf-dist/tex/latex/graphics/trig.sty
Package: trig 1999/03/16 v1.09 sin cos tan (DPC)
)
(/usr/local/texlive/2009/texmf-dist/tex/latex/latexconfig/graphics.cfg
File: graphics.cfg 2009/08/28 v1.8 graphics configuration of TeX Live
)
Package graphics Info: Driver file: pdftex.def on input line 91.

(/usr/local/texlive/2009/texmf-dist/tex/latex/pdftex-def/pdftex.def
File: pdftex.def 2009/08/25 v0.04m Graphics/color for pdfTeX
\Gread@gobject=\count89
))
\Gin@req@height=\dimen107
\Gin@req@width=\dimen108
)
(/usr/local/texlive/2009/texmf-dist/tex/latex/natbib/natbib.sty
Package: natbib 2009/07/16 8.31 (PWD, AO)
\bibhang=\skip43
\bibsep=\skip44
LaTeX Info: Redefining \cite on input line 694.
\c@NAT@ctr=\count90
)
(/usr/local/texlive/2009/texmf-dist/tex/latex/multirow/multirow.sty
\bigstrutjot=\dimen109
)
(/usr/local/texlive/2009/texmf-dist/tex/latex/float/float.sty
Package: float 2001/11/08 v1.3d Float enhancements (AL)
\c@float@type=\count91
\float@exts=\toks15
\float@box=\box29
\@float@everytoks=\toks16
\@floatcapt=\box30
)
(/usr/local/texlive/2009/texmf-dist/tex/latex/subfig/subfig.sty
Package: subfig 2005/06/28 ver: 1.3 subfig package

(/usr/local/texlive/2009/texmf-dist/tex/latex/caption/caption.sty
Package: caption 2009/10/09 v3.1k Customizing captions (AR)

(/usr/local/texlive/2009/texmf-dist/tex/latex/caption/caption3.sty
Package: caption3 2009/10/09 v3.1k caption3 kernel (AR)
\captionmargin=\dimen110
\captionmargin@=\dimen111
\captionwidth=\dimen112
\caption@indent=\dimen113
\caption@parindent=\dimen114
\caption@hangindent=\dimen115
)
\c@ContinuedFloat=\count92
Package caption Info: float package is loaded.
)
\c@KVtest=\count93
\sf@farskip=\skip45
\sf@captopadj=\dimen116
\sf@capskip=\skip46
\sf@nearskip=\skip47
\c@subfigure=\count94
\c@subfigure@save=\count95
\c@lofdepth=\count96
\c@subtable=\count97
\c@subtable@save=\count98
\c@lotdepth=\count99
\sf@top=\skip48
\sf@bottom=\skip49
)
(./iemss_galeras_march3010-2.aux)
\openout1 = `iemss_galeras_march3010-2.aux'.

LaTeX Font Info:    Checking defaults for OML/cmm/m/it on input line 32.
LaTeX Font Info:    ... okay on input line 32.
LaTeX Font Info:    Checking defaults for T1/cmr/m/n on input line 32.
LaTeX Font Info:    ... okay on input line 32.
LaTeX Font Info:    Checking defaults for OT1/cmr/m/n on input line 32.
LaTeX Font Info:    ... okay on input line 32.
LaTeX Font Info:    Checking defaults for OMS/cmsy/m/n on input line 32.
LaTeX Font Info:    ... okay on input line 32.
LaTeX Font Info:    Checking defaults for OMX/cmex/m/n on input line 32.
LaTeX Font Info:    ... okay on input line 32.
LaTeX Font Info:    Checking defaults for U/cmr/m/n on input line 32.
LaTeX Font Info:    ... okay on input line 32.
LaTeX Font Info:    Try loading font information for OT1+ptm on input line 32.

(/usr/local/texlive/2009/texmf-dist/tex/latex/psnfss/ot1ptm.fd
File: ot1ptm.fd 2001/06/04 font definitions for OT1/ptm.
)
(/usr/local/texlive/2009/texmf-dist/tex/context/base/supp-pdf.mkii
[Loading MPS to PDF converter (version 2006.09.02).]
\scratchcounter=\count100
\scratchdimen=\dimen117
\scratchbox=\box31
\nofMPsegments=\count101
\nofMParguments=\count102
\everyMPshowfont=\toks17
\MPscratchCnt=\count103
\MPscratchDim=\dimen118
\MPnumerator=\count104
\everyMPtoPDFconversion=\toks18
)
Package caption Info: Begin \AtBeginDocument code.
Package caption3 Info: subfig package 1.2 or 1.3 is loaded.
LaTeX Info: Redefining \subref on input line 32.
Package caption Info: End \AtBeginDocument code.
LaTeX Font Info:    Font shape `OT1/ptm/bx/n' in size <10> not available
(Font)              Font shape `OT1/ptm/b/n' tried instead on input line 34.
LaTeX Font Info:    Font shape `OT1/ptm/bx/it' in size <10> not available
(Font)              Font shape `OT1/ptm/b/it' tried instead on input line 44.
LaTeX Font Info:    Font shape `OT1/ptm/bx/n' in size <18> not available
(Font)              Font shape `OT1/ptm/b/n' tried instead on input line 48.
LaTeX Font Info:    External font `cmex10' loaded for size
(Font)              <7> on input line 48.
LaTeX Font Info:    External font `cmex10' loaded for size
(Font)              <5> on input line 48.
LaTeX Font Info:    Font shape `OT1/ptm/bx/sc' in size <10> not available
(Font)              Font shape `OT1/ptm/b/sc' tried instead on input line 50.
 [1

{/usr/local/texlive/2009/texmf-var/fonts/map/pdftex/updmap/pdftex.map}]
Underfull \vbox (badness 10000) has occurred while \output is active []


Overfull \vbox (5.4559pt too high) has occurred while \output is active []


[2]
Overfull \vbox (5.4559pt too high) has occurred while \output is active []


[3] <xfig_rot.jpg, id=21, 811.23074pt x 543.83176pt>
File: xfig_rot.jpg Graphic file (type jpg)
 <use xfig_rot.jpg>
<error3.jpg, id=22, 1204.5pt x 903.375pt>
File: error3.jpg Graphic file (type jpg)
 <use error3.jpg>
Overfull \hbox (79.58075pt too wide) in paragraph at lines 294--310
[][] $[]$ 
 []


Underfull \vbox (badness 10000) has occurred while \output is active []


Overfull \vbox (5.4559pt too high) has occurred while \output is active []


[4] <sample1_low_flow.jpg, id=27, 1204.5pt x 903.375pt>
File: sample1_low_flow.jpg Graphic file (type jpg)

<use sample1_low_flow.jpg>
Overfull \hbox (35.04659pt too wide) in paragraph at lines 316--320
[][] 
 []

<all_low_flow.jpg, id=28, 1204.5pt x 903.375pt>
File: all_low_flow.jpg Graphic file (type jpg)
 <use all_low_flow.jpg>
Overfull \hbox (35.04659pt too wide) in paragraph at lines 323--327
[][] 
 []


Overfull \hbox (79.58075pt too wide) in paragraph at lines 315--328
[][] $[]$ 
 []

<sample1_high_flow.jpg, id=29, 1204.5pt x 903.375pt>
File: sample1_high_flow.jpg Graphic file (type jpg)

<use sample1_high_flow.jpg>
Overfull \hbox (35.04659pt too wide) in paragraph at lines 334--338
[][] 
 []

<all_high_flow.jpg, id=30, 1204.5pt x 903.375pt>
File: all_high_flow.jpg Graphic file (type jpg)
 <use all_high_flow.jpg>
Overfull \hbox (35.04659pt too wide) in paragraph at lines 341--345
[][] 
 []


Overfull \hbox (79.58075pt too wide) in paragraph at lines 333--346
[][] $[]$ 
 []


Underfull \vbox (badness 10000) has occurred while \output is active []


Overfull \vbox (5.4559pt too high) has occurred while \output is active []


[5 <./xfig_rot.jpg> <./error3.jpg> <./sample1_low_flow.jpg> <./all_low_flow.jpg
>] <eps_vs_pile_low_vol.jpg, id=34, 1204.5pt x 903.375pt>
File: eps_vs_pile_low_vol.jpg Graphic file (type jpg)

<use eps_vs_pile_low_vol.jpg>
Overfull \hbox (35.04659pt too wide) in paragraph at lines 352--356
[][] 
 []

<eps_vs_pile_high_vol.jpg, id=35, 1204.5pt x 903.375pt>
File: eps_vs_pile_high_vol.jpg Graphic file (type jpg)

<use eps_vs_pile_high_vol.jpg>
Overfull \hbox (35.04659pt too wide) in paragraph at lines 359--363
[][] 
 []


Overfull \hbox (79.58075pt too wide) in paragraph at lines 351--364
[][] $[]$ 
 []

<slope_profile.jpg, id=36, 1204.5pt x 903.375pt>
File: slope_profile.jpg Graphic file (type jpg)
 <use slope_profile.jpg>
Overfull \hbox (35.04659pt too wide) in paragraph at lines 370--374
[][] 
 []

<curvature_profile.jpg, id=37, 1204.5pt x 903.375pt>
File: curvature_profile.jpg Graphic file (type jpg)

<use curvature_profile.jpg>
Overfull \hbox (35.04659pt too wide) in paragraph at lines 377--381
[][] 
 []


Overfull \hbox (79.58075pt too wide) in paragraph at lines 369--382
[][] $[]$ 
 []


Underfull \vbox (badness 10000) has occurred while \output is active []


Overfull \vbox (5.4559pt too high) has occurred while \output is active []


[6 <./sample1_high_flow.jpg> <./all_high_flow.jpg> <./eps_vs_pile_low_vol.jpg> 
<./eps_vs_pile_high_vol.jpg>]
<slope_vs_sigma2.jpg, id=41, 1204.5pt x 903.375pt>
File: slope_vs_sigma2.jpg Graphic file (type jpg)
 <use slope_vs_sigma2.jpg>
Overfull \hbox (35.04659pt too wide) in paragraph at lines 388--392
[][] 
 []

<slope_vs_sigma2_high_vol.jpg, id=42, 1204.5pt x 903.375pt>
File: slope_vs_sigma2_high_vol.jpg Graphic file (type jpg)

<use slope_vs_sigma2_high_vol.jpg>
Overfull \hbox (35.04659pt too wide) in paragraph at lines 395--399
[][] 
 []


Overfull \hbox (79.58075pt too wide) in paragraph at lines 387--400
[][] $[]$ 
 []

<curvature_vs_sigma2.jpg, id=43, 1204.5pt x 903.375pt>
File: curvature_vs_sigma2.jpg Graphic file (type jpg)

<use curvature_vs_sigma2.jpg>
Overfull \hbox (35.04659pt too wide) in paragraph at lines 405--409
[][] 
 []

<curvature_vs_sigma2_high_vol.jpg, id=44, 1204.5pt x 903.375pt>
File: curvature_vs_sigma2_high_vol.jpg Graphic file (type jpg)

<use curvature_vs_sigma2_high_vol.jpg>
Overfull \hbox (35.04659pt too wide) in paragraph at lines 412--416
[][] 
 []


Overfull \hbox (79.58075pt too wide) in paragraph at lines 404--417
[][] $[]$ 
 []


Underfull \vbox (badness 10000) has occurred while \output is active []


Overfull \vbox (5.4559pt too high) has occurred while \output is active []


[7 <./slope_profile.jpg> <./curvature_profile.jpg> <./slope_vs_sigma2.jpg> <./s
lope_vs_sigma2_high_vol.jpg>] (./iemss_galeras_march3010-2.bbl
Overfull \vbox (5.4559pt too high) has occurred while \output is active []


[8 <./curvature_vs_sigma2.jpg> <./curvature_vs_sigma2_high_vol.jpg>])
Overfull \vbox (5.4559pt too high) has occurred while \output is active []


[9] (./iemss_galeras_march3010-2.aux) ) 
Here is how much of TeX's memory you used:
 2614 strings out of 493848
 39898 string characters out of 3149207
 104243 words of memory out of 3000000
 5886 multiletter control sequences out of 15000+200000
 15705 words of font info for 29 fonts, out of 3000000 for 9000
 714 hyphenation exceptions out of 8191
 44i,13n,42p,376b,350s stack positions out of 5000i,500n,10000p,200000b,50000s
{/usr/local/texlive/2009/texmf-dist/font
s/enc/dvips/base/8r.enc}</usr/local/texlive/2009/texmf-dist/fonts/type1/public/
amsfonts/cm/cmmi10.pfb></usr/local/texlive/2009/texmf-dist/fonts/type1/public/a
msfonts/cm/cmmi7.pfb></usr/local/texlive/2009/texmf-dist/fonts/type1/public/ams
fonts/cm/cmr10.pfb></usr/local/texlive/2009/texmf-dist/fonts/type1/public/amsfo
nts/cm/cmr7.pfb></usr/local/texlive/2009/texmf-dist/fonts/type1/public/amsfonts
/cm/cmsy10.pfb></usr/local/texlive/2009/texmf-dist/fonts/type1/public/amsfonts/
cm/cmsy7.pfb></usr/local/texlive/2009/texmf-dist/fonts/type1/urw/times/utmb8a.p
fb></usr/local/texlive/2009/texmf-dist/fonts/type1/urw/times/utmbi8a.pfb></usr/
local/texlive/2009/texmf-dist/fonts/type1/urw/times/utmr8a.pfb></usr/local/texl
ive/2009/texmf-dist/fonts/type1/urw/times/utmr8a.pfb></usr/local/texlive/2009/t
exmf-dist/fonts/type1/urw/times/utmri8a.pfb>
Output written on iemss_galeras_march3010-2.pdf (9 pages, 5569155 bytes).
PDF statistics:
 91 PDF objects out of 1000 (max. 8388607)
 0 named destinations out of 1000 (max. 500000)
 71 words of extra memory for PDF output out of 10000 (max. 10000000)

