This is pdfTeX, Version 3.1415926-1.40.11 (TeX Live 2010) (format=pdflatex 2010.7.21)  11 JAN 2012 11:37
entering extended mode
 \write18 enabled.
 file:line:error style messages enabled.
 %&-line parsing enabled.
**PRS_paper_final.tex
(./PRS_paper_final.tex
LaTeX2e <2009/09/24>
Babel <v3.8l> and hyphenation patterns for english, dumylang, nohyphenation, ge
rman-x-2009-06-19, ngerman-x-2009-06-19, ancientgreek, ibycus, arabic, armenian
, basque, bulgarian, catalan, pinyin, coptic, croatian, czech, danish, dutch, u
kenglish, usenglishmax, esperanto, estonian, farsi, finnish, french, galician, 
german, ngerman, swissgerman, monogreek, greek, hungarian, icelandic, assamese,
 bengali, gujarati, hindi, kannada, malayalam, marathi, oriya, panjabi, tamil, 
telugu, indonesian, interlingua, irish, italian, kurmanji, lao, latin, latvian,
 lithuanian, mongolian, mongolianlmc, bokmal, nynorsk, polish, portuguese, roma
nian, russian, sanskrit, serbian, slovak, slovenian, spanish, swedish, turkish,
 turkmen, ukrainian, uppersorbian, welsh, loaded.
(/usr/local/texlive/2010/texmf-dist/tex/latex/base/article.cls
Document Class: article 2007/10/19 v1.4h Standard LaTeX document class
(/usr/local/texlive/2010/texmf-dist/tex/latex/base/size12.clo
File: size12.clo 2007/10/19 v1.4h Standard LaTeX file (size option)
)
\c@part=\count79
\c@section=\count80
\c@subsection=\count81
\c@subsubsection=\count82
\c@paragraph=\count83
\c@subparagraph=\count84
\c@figure=\count85
\c@table=\count86
\abovecaptionskip=\skip41
\belowcaptionskip=\skip42
\bibindent=\dimen102
)
(/usr/local/texlive/2010/texmf-dist/tex/latex/graphics/graphicx.sty
Package: graphicx 1999/02/16 v1.0f Enhanced LaTeX Graphics (DPC,SPQR)

(/usr/local/texlive/2010/texmf-dist/tex/latex/graphics/keyval.sty
Package: keyval 1999/03/16 v1.13 key=value parser (DPC)
\KV@toks@=\toks14
)
(/usr/local/texlive/2010/texmf-dist/tex/latex/graphics/graphics.sty
Package: graphics 2009/02/05 v1.0o Standard LaTeX Graphics (DPC,SPQR)

(/usr/local/texlive/2010/texmf-dist/tex/latex/graphics/trig.sty
Package: trig 1999/03/16 v1.09 sin cos tan (DPC)
)
(/usr/local/texlive/2010/texmf-dist/tex/latex/latexconfig/graphics.cfg
File: graphics.cfg 2010/04/23 v1.9 graphics configuration of TeX Live
)
Package graphics Info: Driver file: pdftex.def on input line 91.

(/usr/local/texlive/2010/texmf-dist/tex/latex/pdftex-def/pdftex.def
File: pdftex.def 2010/02/14 v0.04n Graphics/color for pdfTeX
\Gread@gobject=\count87
))
\Gin@req@height=\dimen103
\Gin@req@width=\dimen104
)
(/usr/local/texlive/2010/texmf-dist/tex/latex/multirow/multirow.sty
\bigstrutjot=\dimen105
)
(/usr/local/texlive/2010/texmf-dist/tex/latex/preprint/authblk.sty
Package: authblk 2009/11/18 1.3 (PWD)
\affilsep=\skip43
\@affilsep=\skip44
\c@Maxaffil=\count88
\c@authors=\count89
\c@affil=\count90
)
(/usr/local/texlive/2010/texmf-dist/tex/latex/float/float.sty
Package: float 2001/11/08 v1.3d Float enhancements (AL)
\c@float@type=\count91
\float@exts=\toks15
\float@box=\box26
\@float@everytoks=\toks16
\@floatcapt=\box27
)
(/usr/local/texlive/2010/texmf-dist/tex/latex/rotating/rotating.sty
Package: rotating 2009/03/28 v2.16a rotated objects in LaTeX

(/usr/local/texlive/2010/texmf-dist/tex/latex/base/ifthen.sty
Package: ifthen 2001/05/26 v1.1c Standard LaTeX ifthen package (DPC)
)
\c@r@tfl@t=\count92
\rotFPtop=\skip45
\rotFPbot=\skip46
\rot@float@box=\box28
\rot@mess@toks=\toks17
)
(/usr/local/texlive/2010/texmf-dist/tex/latex/url/url.sty
\Urlmuskip=\muskip10
Package: url 2006/04/12  ver 3.3  Verb mode for urls, etc.
)
(/usr/local/texlive/2010/texmf-dist/tex/latex/graphics/lscape.sty
Package: lscape 2000/10/22 v3.01 Landscape Pages (DPC)
)
(/usr/local/texlive/2010/texmf-dist/tex/latex/tools/longtable.sty
Package: longtable 2004/02/01 v4.11 Multi-page Table package (DPC)
\LTleft=\skip47
\LTright=\skip48
\LTpre=\skip49
\LTpost=\skip50
\LTchunksize=\count93
\LTcapwidth=\dimen106
\LT@head=\box29
\LT@firsthead=\box30
\LT@foot=\box31
\LT@lastfoot=\box32
\LT@cols=\count94
\LT@rows=\count95
\c@LT@tables=\count96
\c@LT@chunks=\count97
\LT@p@ftn=\toks18
)
(/usr/local/texlive/2010/texmf-dist/tex/latex/natbib/natbib.sty
Package: natbib 2009/11/07 8.31a (PWD, AO)
\bibhang=\skip51
\bibsep=\skip52
LaTeX Info: Redefining \cite on input line 694.
\c@NAT@ctr=\count98
)
(/usr/local/texlive/2010/texmf-dist/tex/latex/amsmath/amsmath.sty
Package: amsmath 2000/07/18 v2.13 AMS math features
\@mathmargin=\skip53

For additional information on amsmath, use the `?' option.
(/usr/local/texlive/2010/texmf-dist/tex/latex/amsmath/amstext.sty
Package: amstext 2000/06/29 v2.01

(/usr/local/texlive/2010/texmf-dist/tex/latex/amsmath/amsgen.sty
File: amsgen.sty 1999/11/30 v2.0
\@emptytoks=\toks19
\ex@=\dimen107
))
(/usr/local/texlive/2010/texmf-dist/tex/latex/amsmath/amsbsy.sty
Package: amsbsy 1999/11/29 v1.2d
\pmbraise@=\dimen108
)
(/usr/local/texlive/2010/texmf-dist/tex/latex/amsmath/amsopn.sty
Package: amsopn 1999/12/14 v2.01 operator names
)
\inf@bad=\count99
LaTeX Info: Redefining \frac on input line 211.
\uproot@=\count100
\leftroot@=\count101
LaTeX Info: Redefining \overline on input line 307.
\classnum@=\count102
\DOTSCASE@=\count103
LaTeX Info: Redefining \ldots on input line 379.
LaTeX Info: Redefining \dots on input line 382.
LaTeX Info: Redefining \cdots on input line 467.
\Mathstrutbox@=\box33
\strutbox@=\box34
\big@size=\dimen109
LaTeX Font Info:    Redeclaring font encoding OML on input line 567.
LaTeX Font Info:    Redeclaring font encoding OMS on input line 568.
\macc@depth=\count104
\c@MaxMatrixCols=\count105
\dotsspace@=\muskip11
\c@parentequation=\count106
\dspbrk@lvl=\count107
\tag@help=\toks20
\row@=\count108
\column@=\count109
\maxfields@=\count110
\andhelp@=\toks21
\eqnshift@=\dimen110
\alignsep@=\dimen111
\tagshift@=\dimen112
\tagwidth@=\dimen113
\totwidth@=\dimen114
\lineht@=\dimen115
\@envbody=\toks22
\multlinegap=\skip54
\multlinetaggap=\skip55
\mathdisplay@stack=\toks23
LaTeX Info: Redefining \[ on input line 2666.
LaTeX Info: Redefining \] on input line 2667.
)
(/usr/local/texlive/2010/texmf-dist/tex/latex/graphics/epsfig.sty
Package: epsfig 1999/02/16 v1.7a (e)psfig emulation (SPQR)
\epsfxsize=\dimen116
\epsfysize=\dimen117
)
(/usr/local/texlive/2010/texmf-dist/tex/latex/caption/caption.sty
Package: caption 2010/01/09 v3.1m Customizing captions (AR)

(/usr/local/texlive/2010/texmf-dist/tex/latex/caption/caption3.sty
Package: caption3 2010/01/14 v3.1m caption3 kernel (AR)
\captionmargin=\dimen118
\captionmargin@=\dimen119
\captionwidth=\dimen120
\caption@indent=\dimen121
\caption@parindent=\dimen122
\caption@hangindent=\dimen123
)
\c@ContinuedFloat=\count111
Package caption Info: float package is loaded.
Package caption Info: longtable package is loaded.

(/usr/local/texlive/2010/texmf-dist/tex/latex/caption/ltcaption.sty
Package: ltcaption 2008/03/28 v1.2 longtable captions (AR)
)
Package caption Info: rotating package is loaded.
)
(/usr/local/texlive/2010/texmf-dist/tex/latex/base/latexsym.sty
Package: latexsym 1998/08/17 v2.2e Standard LaTeX package (lasy symbols)
\symlasy=\mathgroup4
LaTeX Font Info:    Overwriting symbol font `lasy' in version `bold'
(Font)                  U/lasy/m/n --> U/lasy/b/n on input line 47.
)
(./PRS_paper_final.aux)
\openout1 = `PRS_paper_final.aux'.

LaTeX Font Info:    Checking defaults for OML/cmm/m/it on input line 70.
LaTeX Font Info:    ... okay on input line 70.
LaTeX Font Info:    Checking defaults for T1/cmr/m/n on input line 70.
LaTeX Font Info:    ... okay on input line 70.
LaTeX Font Info:    Checking defaults for OT1/cmr/m/n on input line 70.
LaTeX Font Info:    ... okay on input line 70.
LaTeX Font Info:    Checking defaults for OMS/cmsy/m/n on input line 70.
LaTeX Font Info:    ... okay on input line 70.
LaTeX Font Info:    Checking defaults for OMX/cmex/m/n on input line 70.
LaTeX Font Info:    ... okay on input line 70.
LaTeX Font Info:    Checking defaults for U/cmr/m/n on input line 70.
LaTeX Font Info:    ... okay on input line 70.

(/usr/local/texlive/2010/texmf-dist/tex/context/base/supp-pdf.mkii
[Loading MPS to PDF converter (version 2006.09.02).]
\scratchcounter=\count112
\scratchdimen=\dimen124
\scratchbox=\box35
\nofMPsegments=\count113
\nofMParguments=\count114
\everyMPshowfont=\toks24
\MPscratchCnt=\count115
\MPscratchDim=\dimen125
\MPnumerator=\count116
\everyMPtoPDFconversion=\toks25
) (/usr/local/texlive/2010/texmf-dist/tex/generic/oberdiek/pdftexcmds.sty
Package: pdftexcmds 2010/04/01 v0.9 Utility functions of pdfTeX for LuaTeX (HO)


(/usr/local/texlive/2010/texmf-dist/tex/generic/oberdiek/infwarerr.sty
Package: infwarerr 2010/04/08 v1.3 Providing info/warning/message (HO)
)
(/usr/local/texlive/2010/texmf-dist/tex/generic/oberdiek/ifluatex.sty
Package: ifluatex 2010/03/01 v1.3 Provides the ifluatex switch (HO)
Package ifluatex Info: LuaTeX not detected.
)
(/usr/local/texlive/2010/texmf-dist/tex/generic/oberdiek/ltxcmds.sty
Package: ltxcmds 2010/04/26 v1.7 LaTeX kernel commands for general use (HO)
)
Package pdftexcmds Info: LuaTeX not detected.
Package pdftexcmds Info: \pdf@primitive is available.
Package pdftexcmds Info: \pdf@ifprimitive is available.
)
(/usr/local/texlive/2010/texmf-dist/tex/latex/oberdiek/epstopdf-base.sty
Package: epstopdf-base 2010/02/09 v2.5 Base part for package epstopdf

(/usr/local/texlive/2010/texmf-dist/tex/latex/oberdiek/grfext.sty
Package: grfext 2007/09/30 v1.0 Managing graphics extensions (HO)
)
(/usr/local/texlive/2010/texmf-dist/tex/latex/oberdiek/kvoptions.sty
Package: kvoptions 2010/02/22 v3.7 Keyval support for LaTeX options (HO)

(/usr/local/texlive/2010/texmf-dist/tex/generic/oberdiek/kvsetkeys.sty
Package: kvsetkeys 2010/03/01 v1.9 Key value parser (HO)

(/usr/local/texlive/2010/texmf-dist/tex/generic/oberdiek/etexcmds.sty
Package: etexcmds 2010/01/28 v1.3 Prefix for e-TeX command names (HO)
Package etexcmds Info: Could not find \expanded.
(etexcmds)             That can mean that you are not using pdfTeX 1.50 or
(etexcmds)             that some package has redefined \expanded.
(etexcmds)             In the latter case, load this package earlier.
)))
Package grfext Info: Graphics extension search list:
(grfext)             [.png,.pdf,.jpg,.mps,.jpeg,.jbig2,.jb2,.PNG,.PDF,.JPG,.JPE
G,.JBIG2,.JB2,.eps]
(grfext)             \AppendGraphicsExtensions on input line 436.

(/usr/local/texlive/2010/texmf-dist/tex/latex/latexconfig/epstopdf-sys.cfg
File: epstopdf-sys.cfg 2010/07/13 v1.3 Configuration of (r)epstopdf for TeX Liv
e
))
Package caption Info: Begin \AtBeginDocument code.
Package caption Info: End \AtBeginDocument code.
LaTeX Font Info:    Try loading font information for U+lasy on input line 72.

(/usr/local/texlive/2010/texmf-dist/tex/latex/base/ulasy.fd
File: ulasy.fd 1998/08/17 v2.2e LaTeX symbol font definitions
) [1

{/Users/Ramona/Library/texlive/2010/texmf-var/fonts/map/pdftex/updmap/pdftex.ma
p}] [2] [3]
Overfull \hbox (9.4829pt too wide) in paragraph at lines 188--195
\OT1/cmr/m/n/12 mul-ti-ple equally likely rep-re-sen-ta-tions of an ac-tual ter
-rain sur-face. Ehlschlaeger
 []

[4] [5] [6] [7] [8] [9] [10] [11] [12] [13] [14] [15] [16] [17] [18] [19]
[20] [21] [22]
Overfull \hbox (18.63867pt too wide) in paragraph at lines 890--894
 \OT1/cmr/bx/n/12 Ac-knowl-edg-ments.[] \OT1/cmr/m/n/12 This work was sup-porte
d by NASA grant NNX08AF75G.
 []

(./PRS_paper_final.bbl [23] [24]
Missing character: There is no â in font cmti12!
Missing character: There is no € in font cmti12!
Missing character: There is no ™ in font cmti12!
 [25] [26]
Underfull \hbox (badness 10000) in paragraph at lines 246--250
[]\OT1/cmr/m/n/12 GVP Global Vol-can-ism Pro-gram.  2012a.
 []


Underfull \hbox (badness 10000) in paragraph at lines 246--250
\OT1/cmr/m/n/12 Galeras.  \OT1/cmtt/m/n/12 http://www.volcano.si.edu/world/volc
ano.cfm
 []

[27] [28]) <mammoth_error_correl.pdf, id=106, 361.35pt x 361.35pt>
File: mammoth_error_correl.pdf Graphic file (type pdf)

<use mammoth_error_correl.pdf> [29]
<Aster_galeras.jpg, id=110, 562.1pt x 421.575pt>
File: Aster_galeras.jpg Graphic file (type jpg)
 <use Aster_galeras.jpg>
Overfull \hbox (5.62114pt too wide) in paragraph at lines 912--917
[][] 
 []

<topsar30m.jpg, id=111, 562.1pt x 421.575pt>
File: topsar30m.jpg Graphic file (type jpg)
 <use topsar30m.jpg>
Overfull \hbox (5.62114pt too wide) in paragraph at lines 920--925
[][] 
 []

<GalerasAsterCut_correlogram_line.pdf, id=112, 578.16pt x 361.35pt>
File: GalerasAsterCut_correlogram_line.pdf Graphic file (type pdf)

<use GalerasAsterCut_correlogram_line.pdf>
Overfull \hbox (5.61403pt too wide) in paragraph at lines 927--932
[][] 
 []

<Mammoth30mCut_correlogram_line.pdf, id=113, 578.16pt x 361.35pt>
File: Mammoth30mCut_correlogram_line.pdf Graphic file (type pdf)

<use Mammoth30mCut_correlogram_line.pdf>
Overfull \hbox (5.61403pt too wide) in paragraph at lines 935--940
[][] 
 []


Overfull \hbox (80.61584pt too wide) in paragraph at lines 911--941
[][] $[]$
 []


Overfull \hbox (80.61584pt too wide) in paragraph at lines 911--941
[] $[]$ 
 []

[30 <./mammoth_error_correl.pdf>]
<Galeras_0_P.pdf, id=122, 578.16pt x 361.35pt>
File: Galeras_0_P.pdf Graphic file (type pdf)
 <use Galeras_0_P.pdf>
Overfull \hbox (5.61403pt too wide) in paragraph at lines 952--957
[][] 
 []

<Galeras_0_sigma.pdf, id=123, 578.16pt x 361.35pt>
File: Galeras_0_sigma.pdf Graphic file (type pdf)
 <use Galeras_0_sigma.pdf>
Overfull \hbox (5.61403pt too wide) in paragraph at lines 960--965
[][] 
 []

<Galeras_3_P.pdf, id=124, 578.16pt x 361.35pt>
File: Galeras_3_P.pdf Graphic file (type pdf)
 <use Galeras_3_P.pdf>
Overfull \hbox (5.61403pt too wide) in paragraph at lines 967--972
[][] 
 []

<Galeras_3_sigma.pdf, id=125, 578.16pt x 361.35pt>
File: Galeras_3_sigma.pdf Graphic file (type pdf)
 <use Galeras_3_sigma.pdf>
Overfull \hbox (5.61403pt too wide) in paragraph at lines 975--980
[][] 
 []


Overfull \hbox (80.61584pt too wide) in paragraph at lines 951--990
[][] $[]$
 []


Overfull \hbox (80.61584pt too wide) in paragraph at lines 951--990
[] $[]$ 
 []

[31 <./Aster_galeras.jpg> <./topsar30m.jpg> <./GalerasAsterCut_correlogram_line
.pdf> <./Mammoth30mCut_correlogram_line.pdf>]
<Mammoth_0_P.pdf, id=136, 578.16pt x 361.35pt>
File: Mammoth_0_P.pdf Graphic file (type pdf)
 <use Mammoth_0_P.pdf>
Overfull \hbox (5.61403pt too wide) in paragraph at lines 996--1001
[][] 
 []

<Mammoth_0_sigma.pdf, id=137, 578.16pt x 361.35pt>
File: Mammoth_0_sigma.pdf Graphic file (type pdf)
 <use Mammoth_0_sigma.pdf>
Overfull \hbox (5.61403pt too wide) in paragraph at lines 1004--1009
[][] 
 []

<Mammoth_3_P.pdf, id=138, 578.16pt x 361.35pt>
File: Mammoth_3_P.pdf Graphic file (type pdf)
 <use Mammoth_3_P.pdf>
Overfull \hbox (5.61403pt too wide) in paragraph at lines 1011--1016
[][] 
 []

<Mammoth_3_sigma.pdf, id=139, 578.16pt x 361.35pt>
File: Mammoth_3_sigma.pdf Graphic file (type pdf)
 <use Mammoth_3_sigma.pdf>
Overfull \hbox (5.61403pt too wide) in paragraph at lines 1019--1024
[][] 
 []


Overfull \hbox (80.61584pt too wide) in paragraph at lines 995--1034
[][] $[]$
 []


Overfull \hbox (80.61584pt too wide) in paragraph at lines 995--1034
[] $[]$ 
 []

[32 <./Galeras_0_P.pdf> <./Galeras_0_sigma.pdf> <./Galeras_3_P.pdf> <./Galeras_
3_sigma.pdf>] <cloud_galeras.pdf, id=175, 578.16pt x 361.35pt>
File: cloud_galeras.pdf Graphic file (type pdf)

<use cloud_galeras.pdf>
Overfull \hbox (5.61403pt too wide) in paragraph at lines 1043--1048
[][] 
 []

<cloud_mammoth.pdf, id=176, 578.16pt x 361.35pt>
File: cloud_mammoth.pdf Graphic file (type pdf)
 <use cloud_mammoth.pdf>
Overfull \hbox (5.61403pt too wide) in paragraph at lines 1051--1056
[][] 
 []


Overfull \hbox (80.61584pt too wide) in paragraph at lines 1042--1060
[][] $[]$ 
 []

[33 <./Mammoth_0_P.pdf> <./Mammoth_0_sigma.pdf> <./Mammoth_3_P.pdf> <./Mammoth_
3_sigma.pdf>] <cloud_Galeras_low.pdf, id=212, 578.16pt x 361.35pt>
File: cloud_Galeras_low.pdf Graphic file (type pdf)

<use cloud_Galeras_low.pdf>
Overfull \hbox (5.61403pt too wide) in paragraph at lines 1066--1071
[][] 
 []

<cloud_Mammoth_low.pdf, id=213, 578.16pt x 361.35pt>
File: cloud_Mammoth_low.pdf Graphic file (type pdf)

<use cloud_Mammoth_low.pdf>
Overfull \hbox (5.61403pt too wide) in paragraph at lines 1074--1079
[][] 
 []

<cloud_Galeras_high.pdf, id=214, 578.16pt x 361.35pt>
File: cloud_Galeras_high.pdf Graphic file (type pdf)

<use cloud_Galeras_high.pdf>
Overfull \hbox (5.61403pt too wide) in paragraph at lines 1081--1086
[][] 
 []

<cloud_Mammoth_high.pdf, id=215, 578.16pt x 361.35pt>
File: cloud_Mammoth_high.pdf Graphic file (type pdf)

<use cloud_Mammoth_high.pdf>
Overfull \hbox (5.61403pt too wide) in paragraph at lines 1089--1094
[][] 
 []


Overfull \hbox (80.61584pt too wide) in paragraph at lines 1065--1098
[][] $[]$
 []


Overfull \hbox (80.61584pt too wide) in paragraph at lines 1065--1098
[] $[]$ 
 []

[34 <./cloud_galeras.pdf> <./cloud_mammoth.pdf>]
<Galeras0_minus_Aster30.pdf, id=228, 578.16pt x 361.35pt>
File: Galeras0_minus_Aster30.pdf Graphic file (type pdf)

<use Galeras0_minus_Aster30.pdf>
Overfull \hbox (5.61403pt too wide) in paragraph at lines 1144--1149
[][] 
 []

<Galeras3_minus_Aster30.pdf, id=229, 578.16pt x 361.35pt>
File: Galeras3_minus_Aster30.pdf Graphic file (type pdf)

<use Galeras3_minus_Aster30.pdf>
Overfull \hbox (5.61403pt too wide) in paragraph at lines 1152--1157
[][] 
 []

<Mammoth0_minus_Aster30.pdf, id=230, 578.16pt x 361.35pt>
File: Mammoth0_minus_Aster30.pdf Graphic file (type pdf)

<use Mammoth0_minus_Aster30.pdf>
Overfull \hbox (5.61403pt too wide) in paragraph at lines 1159--1164
[][] 
 []

File: Mammoth0_minus_Aster30.pdf Graphic file (type pdf)
<use Mammoth0_minus_Aster30.pdf>
Overfull \hbox (5.61403pt too wide) in paragraph at lines 1167--1172
[][] 
 []


Overfull \hbox (80.61584pt too wide) in paragraph at lines 1143--1177
[][] $[]$
 []


Overfull \hbox (80.61584pt too wide) in paragraph at lines 1143--1177
[] $[]$ 
 []

[35 <./cloud_Galeras_low.pdf> <./cloud_Mammoth_low.pdf> <./cloud_Galeras_high.p
df> <./cloud_Mammoth_high.pdf>]
<Galeras_Aster_vs_meth0.pdf, id=250, 578.16pt x 361.35pt>
File: Galeras_Aster_vs_meth0.pdf Graphic file (type pdf)

<use Galeras_Aster_vs_meth0.pdf>
Overfull \hbox (5.61403pt too wide) in paragraph at lines 1186--1191
[][] 
 []

<Galeras_Aster_vs_meth3.pdf, id=251, 578.16pt x 361.35pt>
File: Galeras_Aster_vs_meth3.pdf Graphic file (type pdf)

<use Galeras_Aster_vs_meth3.pdf>
Overfull \hbox (5.61403pt too wide) in paragraph at lines 1194--1199
[][] 
 []

<Mammoth_Topsar_vs_meth0.pdf, id=252, 578.16pt x 361.35pt>
File: Mammoth_Topsar_vs_meth0.pdf Graphic file (type pdf)

<use Mammoth_Topsar_vs_meth0.pdf>
Overfull \hbox (5.61403pt too wide) in paragraph at lines 1201--1206
[][] 
 []

<Mammoth_Topsar_vs_meth3.pdf, id=253, 578.16pt x 361.35pt>
File: Mammoth_Topsar_vs_meth3.pdf Graphic file (type pdf)

<use Mammoth_Topsar_vs_meth3.pdf>
Overfull \hbox (5.61403pt too wide) in paragraph at lines 1209--1214
[][] 
 []


Overfull \hbox (80.61584pt too wide) in paragraph at lines 1185--1222
[][] $[]$
 []


Overfull \hbox (80.61584pt too wide) in paragraph at lines 1185--1222
[] $[]$ 
 []

[36 <./Galeras0_minus_Aster30.pdf> <./Galeras3_minus_Aster30.pdf> <./Mammoth0_m
inus_Aster30.pdf>] [37 <./Galeras_Aster_vs_meth0.pdf> <./Galeras_Aster_vs_meth3
.pdf> <./Mammoth_Topsar_vs_meth0.pdf> <./Mammoth_Topsar_vs_meth3.pdf>]
(./PRS_paper_final.aux) ) 
Here is how much of TeX's memory you used:
 4006 strings out of 493747
 59961 string characters out of 3143546
 126743 words of memory out of 3000000
 7207 multiletter control sequences out of 15000+200000
 13260 words of font info for 52 fonts, out of 3000000 for 9000
 714 hyphenation exceptions out of 8191
 38i,16n,38p,818b,370s stack positions out of 5000i,500n,10000p,200000b,50000s
</usr/local/texlive/2010/texmf-dist/fonts/type1/public
/amsfonts/cm/cmbx10.pfb></usr/local/texlive/2010/texmf-dist/fonts/type1/public/
amsfonts/cm/cmbx12.pfb></usr/local/texlive/2010/texmf-dist/fonts/type1/public/a
msfonts/cm/cmbx8.pfb></usr/local/texlive/2010/texmf-dist/fonts/type1/public/ams
fonts/cm/cmex10.pfb></usr/local/texlive/2010/texmf-dist/fonts/type1/public/amsf
onts/cm/cmmi10.pfb></usr/local/texlive/2010/texmf-dist/fonts/type1/public/amsfo
nts/cm/cmmi12.pfb></usr/local/texlive/2010/texmf-dist/fonts/type1/public/amsfon
ts/cm/cmmi6.pfb></usr/local/texlive/2010/texmf-dist/fonts/type1/public/amsfonts
/cm/cmmi8.pfb></usr/local/texlive/2010/texmf-dist/fonts/type1/public/amsfonts/c
m/cmr10.pfb></usr/local/texlive/2010/texmf-dist/fonts/type1/public/amsfonts/cm/
cmr12.pfb></usr/local/texlive/2010/texmf-dist/fonts/type1/public/amsfonts/cm/cm
r17.pfb></usr/local/texlive/2010/texmf-dist/fonts/type1/public/amsfonts/cm/cmr8
.pfb></usr/local/texlive/2010/texmf-dist/fonts/type1/public/amsfonts/cm/cmsy10.
pfb></usr/local/texlive/2010/texmf-dist/fonts/type1/public/amsfonts/cm/cmsy8.pf
b></usr/local/texlive/2010/texmf-dist/fonts/type1/public/amsfonts/cm/cmti12.pfb
></usr/local/texlive/2010/texmf-dist/fonts/type1/public/amsfonts/cm/cmtt12.pfb>

Output written on PRS_paper_final.pdf (37 pages, 5950156 bytes).
PDF statistics:
 355 PDF objects out of 1000 (max. 8388607)
 205 compressed objects within 3 object streams
 0 named destinations out of 1000 (max. 500000)
 131 words of extra memory for PDF output out of 10000 (max. 10000000)

