This is pdfTeX, Version 3.1415926-2.4-1.40.13 (TeX Live 2012) (format=pdflatex 2012.6.30)  28 JUN 2013 11:18
entering extended mode
 \write18 enabled.
 file:line:error style messages enabled.
 %&-line parsing enabled.
**third_draft.tex
(./third_draft.tex
LaTeX2e <2011/06/27>
Babel <v3.8m> and hyphenation patterns for english, dumylang, nohyphenation, ge
rman-x-2012-05-30, ngerman-x-2012-05-30, afrikaans, ancientgreek, ibycus, arabi
c, armenian, basque, bulgarian, catalan, pinyin, coptic, croatian, czech, danis
h, dutch, ukenglish, usenglishmax, esperanto, estonian, ethiopic, farsi, finnis
h, french, friulan, galician, german, ngerman, swissgerman, monogreek, greek, h
ungarian, icelandic, assamese, bengali, gujarati, hindi, kannada, malayalam, ma
rathi, oriya, panjabi, tamil, telugu, indonesian, interlingua, irish, italian, 
kurmanji, latin, latvian, lithuanian, mongolian, mongolianlmc, bokmal, nynorsk,
 polish, portuguese, romanian, romansh, russian, sanskrit, serbian, serbianc, s
lovak, slovenian, spanish, swedish, turkish, turkmen, ukrainian, uppersorbian, 
welsh, loaded.
(/usr/local/texlive/2012/texmf-dist/tex/latex/base/article.cls
Document Class: article 2007/10/19 v1.4h Standard LaTeX document class
(/usr/local/texlive/2012/texmf-dist/tex/latex/base/size10.clo
File: size10.clo 2007/10/19 v1.4h Standard LaTeX file (size option)
)
\c@part=\count79
\c@section=\count80
\c@subsection=\count81
\c@subsubsection=\count82
\c@paragraph=\count83
\c@subparagraph=\count84
\c@figure=\count85
\c@table=\count86
\abovecaptionskip=\skip41
\belowcaptionskip=\skip42
\bibindent=\dimen102
)
(/usr/local/texlive/2012/texmf-dist/tex/latex/graphics/graphicx.sty
Package: graphicx 1999/02/16 v1.0f Enhanced LaTeX Graphics (DPC,SPQR)

(/usr/local/texlive/2012/texmf-dist/tex/latex/graphics/keyval.sty
Package: keyval 1999/03/16 v1.13 key=value parser (DPC)
\KV@toks@=\toks14
)
(/usr/local/texlive/2012/texmf-dist/tex/latex/graphics/graphics.sty
Package: graphics 2009/02/05 v1.0o Standard LaTeX Graphics (DPC,SPQR)

(/usr/local/texlive/2012/texmf-dist/tex/latex/graphics/trig.sty
Package: trig 1999/03/16 v1.09 sin cos tan (DPC)
)
(/usr/local/texlive/2012/texmf-dist/tex/latex/latexconfig/graphics.cfg
File: graphics.cfg 2010/04/23 v1.9 graphics configuration of TeX Live
)
Package graphics Info: Driver file: pdftex.def on input line 91.

(/usr/local/texlive/2012/texmf-dist/tex/latex/pdftex-def/pdftex.def
File: pdftex.def 2011/05/27 v0.06d Graphics/color for pdfTeX

(/usr/local/texlive/2012/texmf-dist/tex/generic/oberdiek/infwarerr.sty
Package: infwarerr 2010/04/08 v1.3 Providing info/warning/error messages (HO)
)
(/usr/local/texlive/2012/texmf-dist/tex/generic/oberdiek/ltxcmds.sty
Package: ltxcmds 2011/11/09 v1.22 LaTeX kernel commands for general use (HO)
)
\Gread@gobject=\count87
))
\Gin@req@height=\dimen103
\Gin@req@width=\dimen104
)
(/usr/local/texlive/2012/texmf-dist/tex/latex/multirow/multirow.sty
\bigstrutjot=\dimen105
)
(/usr/local/texlive/2012/texmf-dist/tex/latex/preprint/authblk.sty
Package: authblk 2009/11/18 1.3 (PWD)
\affilsep=\skip43
\@affilsep=\skip44
\c@Maxaffil=\count88
\c@authors=\count89
\c@affil=\count90
)
(/usr/local/texlive/2012/texmf-dist/tex/latex/float/float.sty
Package: float 2001/11/08 v1.3d Float enhancements (AL)
\c@float@type=\count91
\float@exts=\toks15
\float@box=\box26
\@float@everytoks=\toks16
\@floatcapt=\box27
)
(/usr/local/texlive/2012/texmf-dist/tex/latex/rotating/rotating.sty
Package: rotating 2009/03/28 v2.16a rotated objects in LaTeX

(/usr/local/texlive/2012/texmf-dist/tex/latex/base/ifthen.sty
Package: ifthen 2001/05/26 v1.1c Standard LaTeX ifthen package (DPC)
)
\c@r@tfl@t=\count92
\rotFPtop=\skip45
\rotFPbot=\skip46
\rot@float@box=\box28
\rot@mess@toks=\toks17
)
(/usr/local/texlive/2012/texmf-dist/tex/latex/url/url.sty
\Urlmuskip=\muskip10
Package: url 2006/04/12  ver 3.3  Verb mode for urls, etc.
)
(/usr/local/texlive/2012/texmf-dist/tex/latex/graphics/lscape.sty
Package: lscape 2000/10/22 v3.01 Landscape Pages (DPC)
)
(/usr/local/texlive/2012/texmf-dist/tex/latex/tools/longtable.sty
Package: longtable 2004/02/01 v4.11 Multi-page Table package (DPC)
\LTleft=\skip47
\LTright=\skip48
\LTpre=\skip49
\LTpost=\skip50
\LTchunksize=\count93
\LTcapwidth=\dimen106
\LT@head=\box29
\LT@firsthead=\box30
\LT@foot=\box31
\LT@lastfoot=\box32
\LT@cols=\count94
\LT@rows=\count95
\c@LT@tables=\count96
\c@LT@chunks=\count97
\LT@p@ftn=\toks18
)
(/usr/local/texlive/2012/texmf-dist/tex/latex/subfig/subfig.sty
Package: subfig 2005/06/28 ver: 1.3 subfig package

(/usr/local/texlive/2012/texmf-dist/tex/latex/caption/caption.sty
Package: caption 2012/02/19 v3.2f Customizing captions (AR)

(/usr/local/texlive/2012/texmf-dist/tex/latex/caption/caption3.sty
Package: caption3 2012/01/12 v1.4b caption3 kernel (AR)
\captionmargin=\dimen107
\captionmargin@=\dimen108
\captionwidth=\dimen109
\caption@indent=\dimen110
\caption@parindent=\dimen111
\caption@hangindent=\dimen112
)
\c@ContinuedFloat=\count98
Package caption Info: float package is loaded.
Package caption Info: longtable package is loaded.

(/usr/local/texlive/2012/texmf-dist/tex/latex/caption/ltcaption.sty
Package: ltcaption 2011/09/12 v1.3 longtable captions (AR)
)
Package caption Info: rotating package is loaded.
)
\c@KVtest=\count99
\sf@farskip=\skip51
\sf@captopadj=\dimen113
\sf@capskip=\skip52
\sf@nearskip=\skip53
\c@subfigure=\count100
\c@subfigure@save=\count101
\c@lofdepth=\count102
\c@subtable=\count103
\c@subtable@save=\count104
\c@lotdepth=\count105
\sf@top=\skip54
\sf@bottom=\skip55
)
(/usr/local/texlive/2012/texmf-dist/tex/latex/natbib/natbib.sty
Package: natbib 2010/09/13 8.31b (PWD, AO)
\bibhang=\skip56
\bibsep=\skip57
LaTeX Info: Redefining \cite on input line 694.
\c@NAT@ctr=\count106
)
(/usr/local/texlive/2012/texmf-dist/tex/latex/lineno/lineno.sty
Package: lineno 2005/11/02 line numbers on paragraphs v4.41
\linenopenalty=\count107
\output=\toks19
\linenoprevgraf=\count108
\linenumbersep=\dimen114
\linenumberwidth=\dimen115
\c@linenumber=\count109
\c@pagewiselinenumber=\count110
\c@LN@truepage=\count111
\c@internallinenumber=\count112
\c@internallinenumbers=\count113
\quotelinenumbersep=\dimen116
\bframerule=\dimen117
\bframesep=\dimen118
\bframebox=\box33
LaTeX Info: Redefining \\ on input line 3056.
)
(/usr/local/texlive/2012/texmf-dist/tex/latex/amsmath/amsmath.sty
Package: amsmath 2000/07/18 v2.13 AMS math features
\@mathmargin=\skip58

For additional information on amsmath, use the `?' option.
(/usr/local/texlive/2012/texmf-dist/tex/latex/amsmath/amstext.sty
Package: amstext 2000/06/29 v2.01

(/usr/local/texlive/2012/texmf-dist/tex/latex/amsmath/amsgen.sty
File: amsgen.sty 1999/11/30 v2.0
\@emptytoks=\toks20
\ex@=\dimen119
))
(/usr/local/texlive/2012/texmf-dist/tex/latex/amsmath/amsbsy.sty
Package: amsbsy 1999/11/29 v1.2d
\pmbraise@=\dimen120
)
(/usr/local/texlive/2012/texmf-dist/tex/latex/amsmath/amsopn.sty
Package: amsopn 1999/12/14 v2.01 operator names
)
\inf@bad=\count114
LaTeX Info: Redefining \frac on input line 211.
\uproot@=\count115
\leftroot@=\count116
LaTeX Info: Redefining \overline on input line 307.
\classnum@=\count117
\DOTSCASE@=\count118
LaTeX Info: Redefining \ldots on input line 379.
LaTeX Info: Redefining \dots on input line 382.
LaTeX Info: Redefining \cdots on input line 467.
\Mathstrutbox@=\box34
\strutbox@=\box35
\big@size=\dimen121
LaTeX Font Info:    Redeclaring font encoding OML on input line 567.
LaTeX Font Info:    Redeclaring font encoding OMS on input line 568.
\macc@depth=\count119
\c@MaxMatrixCols=\count120
\dotsspace@=\muskip11
\c@parentequation=\count121
\dspbrk@lvl=\count122
\tag@help=\toks21
\row@=\count123
\column@=\count124
\maxfields@=\count125
\andhelp@=\toks22
\eqnshift@=\dimen122
\alignsep@=\dimen123
\tagshift@=\dimen124
\tagwidth@=\dimen125
\totwidth@=\dimen126
\lineht@=\dimen127
\@envbody=\toks23
\multlinegap=\skip59
\multlinetaggap=\skip60
\mathdisplay@stack=\toks24
LaTeX Info: Redefining \[ on input line 2666.
LaTeX Info: Redefining \] on input line 2667.
)
(/usr/local/texlive/2012/texmf-dist/tex/latex/graphics/epsfig.sty
Package: epsfig 1999/02/16 v1.7a (e)psfig emulation (SPQR)
\epsfxsize=\dimen128
\epsfysize=\dimen129
)
(/usr/local/texlive/2012/texmf-dist/tex/latex/base/latexsym.sty
Package: latexsym 1998/08/17 v2.2e Standard LaTeX package (lasy symbols)
\symlasy=\mathgroup4
LaTeX Font Info:    Overwriting symbol font `lasy' in version `bold'
(Font)                  U/lasy/m/n --> U/lasy/b/n on input line 47.
)
(/usr/local/texlive/2012/texmf-dist/tex/latex/geometry/geometry.sty
Package: geometry 2010/09/12 v5.6 Page Geometry

(/usr/local/texlive/2012/texmf-dist/tex/generic/oberdiek/ifpdf.sty
Package: ifpdf 2011/01/30 v2.3 Provides the ifpdf switch (HO)
Package ifpdf Info: pdfTeX in PDF mode is detected.
)
(/usr/local/texlive/2012/texmf-dist/tex/generic/oberdiek/ifvtex.sty
Package: ifvtex 2010/03/01 v1.5 Detect VTeX and its facilities (HO)
Package ifvtex Info: VTeX not detected.
)
(/usr/local/texlive/2012/texmf-dist/tex/generic/ifxetex/ifxetex.sty
Package: ifxetex 2010/09/12 v0.6 Provides ifxetex conditional
)
\Gm@cnth=\count126
\Gm@cntv=\count127
\c@Gm@tempcnt=\count128
\Gm@bindingoffset=\dimen130
\Gm@wd@mp=\dimen131
\Gm@odd@mp=\dimen132
\Gm@even@mp=\dimen133
\Gm@layoutwidth=\dimen134
\Gm@layoutheight=\dimen135
\Gm@layouthoffset=\dimen136
\Gm@layoutvoffset=\dimen137
\Gm@dimlist=\toks25
)
(./third_draft.aux

./third_draft.aux:60: Package natbib Error: Bibliography not compatible with au
thor-year citations.
(natbib)                Press <return> to continue in numerical citation style.


See the natbib package documentation for explanation.
Type  H <return>  for immediate help.
 ...                                              
                                                  
l.60 ...mand\NAT@force@numbers{}\NAT@force@numbers
                                                  
? 
)
\openout1 = `third_draft.aux'.

LaTeX Font Info:    Checking defaults for OML/cmm/m/it on input line 53.
LaTeX Font Info:    ... okay on input line 53.
LaTeX Font Info:    Checking defaults for T1/cmr/m/n on input line 53.
LaTeX Font Info:    ... okay on input line 53.
LaTeX Font Info:    Checking defaults for OT1/cmr/m/n on input line 53.
LaTeX Font Info:    ... okay on input line 53.
LaTeX Font Info:    Checking defaults for OMS/cmsy/m/n on input line 53.
LaTeX Font Info:    ... okay on input line 53.
LaTeX Font Info:    Checking defaults for OMX/cmex/m/n on input line 53.
LaTeX Font Info:    ... okay on input line 53.
LaTeX Font Info:    Checking defaults for U/cmr/m/n on input line 53.
LaTeX Font Info:    ... okay on input line 53.
 (/usr/local/texlive/2012/texmf-dist/tex/context/base/supp-pdf.mkii
[Loading MPS to PDF converter (version 2006.09.02).]
\scratchcounter=\count129
\scratchdimen=\dimen138
\scratchbox=\box36
\nofMPsegments=\count130
\nofMParguments=\count131
\everyMPshowfont=\toks26
\MPscratchCnt=\count132
\MPscratchDim=\dimen139
\MPnumerator=\count133
\makeMPintoPDFobject=\count134
\everyMPtoPDFconversion=\toks27
) (/usr/local/texlive/2012/texmf-dist/tex/generic/oberdiek/pdftexcmds.sty
Package: pdftexcmds 2011/11/29 v0.20 Utility functions of pdfTeX for LuaTeX (HO
)

(/usr/local/texlive/2012/texmf-dist/tex/generic/oberdiek/ifluatex.sty
Package: ifluatex 2010/03/01 v1.3 Provides the ifluatex switch (HO)
Package ifluatex Info: LuaTeX not detected.
)
Package pdftexcmds Info: LuaTeX not detected.
Package pdftexcmds Info: \pdf@primitive is available.
Package pdftexcmds Info: \pdf@ifprimitive is available.
Package pdftexcmds Info: \pdfdraftmode found.
)
(/usr/local/texlive/2012/texmf-dist/tex/latex/oberdiek/epstopdf-base.sty
Package: epstopdf-base 2010/02/09 v2.5 Base part for package epstopdf

(/usr/local/texlive/2012/texmf-dist/tex/latex/oberdiek/grfext.sty
Package: grfext 2010/08/19 v1.1 Manage graphics extensions (HO)

(/usr/local/texlive/2012/texmf-dist/tex/generic/oberdiek/kvdefinekeys.sty
Package: kvdefinekeys 2011/04/07 v1.3 Define keys (HO)
))
(/usr/local/texlive/2012/texmf-dist/tex/latex/oberdiek/kvoptions.sty
Package: kvoptions 2011/06/30 v3.11 Key value format for package options (HO)

(/usr/local/texlive/2012/texmf-dist/tex/generic/oberdiek/kvsetkeys.sty
Package: kvsetkeys 2012/04/25 v1.16 Key value parser (HO)

(/usr/local/texlive/2012/texmfjbig2,.jb2,.PNG,.PDF,.JPG,.JPE
G,.JBIG2,.JB2,.eps]
(grfext)             \AppendGraphicsExtensions on input line 452.

(/usr/local/texlive/2012/texmf-dist/tex/latex/latexconfig/epstopdf-sys.cfg
File: epstopdf-sys.cfg 2010/07/13 v1.3 Configuration of (r)epstopdf for TeX Liv
e
))
Package caption Info: Begin \AtBeginDocument code.
Package caption Info: subfig package v1.3 is loaded.
Package caption Info: End \AtBeginDocument code.

*geometry* driver: auto-detecting
*geometry* detected driver: pdftex
*geometry* verbose mode - [ preamble ] result:
* driver: pdftex
* paper: a4paper
* layout: <same size as paper>
* layoutoffset:(h,v)=(0.0pt,0.0pt)
* modes: 
* h-part:(L,W,R)=(89.62709pt, 418.25368pt, 89.6271pt)
* v-part:(T,H,B)=(101.40665pt, 591.5302pt, 152.11pt)
* \paperwidth=597.50787pt
* \paperheight=845.04684pt
* \textwidth=418.25368pt
* \textheight=591.5302pt
* \oddsidemargin=17.3571pt
* \evensidemargin=17.3571pt
* \topmargin=-7.86334pt
* \headheight=12.0pt
* \headsep=25.0pt
* \topskip=10.0pt
* \footskip=30.0pt
* \marginparwidth=65.0pt
* \marginparsep=11.0pt
* \columnsep=10.0pt
* \skip\footins=9.0pt plus 4.0pt minus 2.0pt
* \hoffset=0.0pt
* \voffset=0.0pt
* \mag=1000
* \@twocolumnfalse
* \@twosidefalse
* \@mparswitchfalse
* \@reversemarginfalse
* (1in=72.27pt=25.4mm, 1cm=28.453pt)

LaTeX Font Info:    Try loading font information for U+lasy on input line 68.
(/usr/local/texlive/2012/texmf-dist/tex/latex/base/ulasy.fd
File: ulasy.fd 1998/08/17 v2.2e LaTeX symbol font definitions
) [1

{/usr/local/texlive/2012/texmf-var/fonts/map/pdftex/updmap/pdftex.map}]

Package natbib Warning: Citation `nobile2008sparse' on page 2 undefined on inpu
t line 96.

./third_draft.tex:118: Undefined control sequence.
l.118 and gamma distributions, respectively \cietp
                                                  {ganapathysubramanian2007s...

? 
./third_draft.tex:118: Emergency stop.
l.118 and gamma distributions, respectively \cietp
                                                  {ganapathysubramanian2007s...
End of file on the terminal!

 
Here is how much of TeX's memory you used:
 4755 strings out of 493488
 69810 string characters out of 3141326
 138403 words of memory out of 3000000
 7984 multiletter control sequences out of 15000+200000
 8887 words of font info for 34 fonts, out of 3000000 for 9000
 957 hyphenation exceptions out of 8191
 44i,5n,42p,291b,260s stack positions out of 5000i,500n,10000p,200000b,50000s
./third_draft.tex:118:  ==> Fatal error occurred, no output PDF file produced!
x (badness 10000) in paragraph at lines 325--332

 []

[6] [7] [8] [9] <fig/GQU_2_6.jpg, id=47, 562.1pt x 421.575pt>
File: fig/GQU_2_6.jpg Graphic file (type jpg)

<use fig/GQU_2_6.jpg>
Package pdftex.def Info: fig/GQU_2_6.jpg used on input line 523.
(pdftex.def)             Requested size: 227.62352pt x 170.71764pt.
 <fig/GQU_2_7.jpg, id=48, 562.1pt x 421.575pt>
File: fig/GQU_2_7.jpg Graphic file (type jpg)

<use fig/GQU_2_7.jpg>
Package pdftex.def Info: fig/GQU_2_7.jpg used on input line 531.
(pdftex.def)             Requested size: 227.62352pt x 170.71764pt.
 <fig/KPU_2_6.jpg, id=49, 562.1pt x 421.575pt>
File: fig/KPU_2_6.jpg Graphic file (type jpg)

<use fig/KPU_2_6.jpg>
Package pdftex.def Info: fig/KPU_2_6.jpg used on input line 538.
(pdftex.def)             Requested size: 227.62352pt x 170.71764pt.
 <fig/KPU_2_7.jpg, id=50, 562.1pt x 421.575pt>
File: fig/KPU_2_7.jpg Graphic file (type jpg)

<use fig/KPU_2_7.jpg>
Package pdftex.def Info: fig/KPU_2_7.jpg used on input line 546.
(pdftex.def)             Requested size: 227.62352pt x 170.71764pt.

Overfull \hbox (85.87805pt too wide) in paragraph at lines 520--553
[][] $[]$
 []


Overfull \hbox (85.87805pt too wide) in paragraph at lines 520--553
[] $[]$ 
 []

[10] <fig/GQU_a_210.jpg, id=54, 562.1pt x 421.575pt>
File: fig/GQU_a_210.jpg Graphic file (type jpg)
 <use fig/GQU_a_210.jpg>
Package pdftex.def Info: fig/GQU_a_210.jpg used on input line 561.
(pdftex.def)             Requested size: 227.62352pt x 170.71764pt.

<fig/GQU_b_201.jpg, id=55, 562.1pt x 421.575pt>
File: fig/GQU_b_201.jpg Graphic file (type jpg)
 <use fig/GQU_b_201.jpg>
Package pdftex.def Info: fig/GQU_b_201.jpg used on input line 569.
(pdftex.def)             Requested size: 227.62352pt x 170.71764pt.

<fig/KPU_a_97.jpg, id=56, 562.1pt x 421.575pt>
File: fig/KPU_a_97.jpg Graphic file (type jpg)
 <use fig/KPU_a_97.jpg>
Package pdftex.def Info: fig/KPU_a_97.jpg used on input line 576.
(pdftex.def)             Requested size: 227.62352pt x 170.71764pt.

<fig/KPU_b_97.jpg, id=57, 562.1pt x 421.575pt>
File: fig/KPU_b_97.jpg Graphic file (type jpg)
 <use fig/KPU_b_97.jpg>
Package pdftex.def Info: fig/KPU_b_97.jpg used on input line 584.
(pdftex.def)             Requested size: 227.62352pt x 170.71764pt.

Overfull \hbox (85.87805pt too wide) in paragraph at lines 558--590
[][] $[]$
 []


Overfull \hbox (85.87805pt too wide) in paragraph at lines 558--590
[] $[]$ 
 []

[11 <./fig/GQU_2_6.jpg> <./fig/GQU_2_7.jpg> <./fig/KPU_2_6.jpg> <./fig/KPU_2_7.
jpg>] <fig/lhs_b_128.jpg, id=62, 562.1pt x 421.575pt>
File: fig/lhs_b_128.jpg Graphic file (type jpg)
 <use fig/lhs_b_128.jpg>
Package pdftex.def Info: fig/lhs_b_128.jpg used on input line 598.
(pdftex.def)             Requested size: 227.62352pt x 170.71764pt.

<fig/lhs_a_128.jpg, id=63, 562.1pt x 421.575pt>
File: fig/lhs_a_128.jpg Graphic file (type jpg)
 <use fig/lhs_a_128.jpg>
Package pdftex.def Info: fig/lhs_a_128.jpg used on input line 605.
(pdftex.def)             Requested size: 227.62352pt x 170.71764pt.

<fig/PCQ_783.jpg, id=64, 634.37pt x 504.88625pt>
File: fig/PCQ_783.jpg Graphic file (type jpg)
 <use fig/PCQ_783.jpg>
Package pdftex.def Info: fig/PCQ_783.jpg used on input line 613.
(pdftex.def)             Requested size: 227.618pt x 181.15799pt.

<fig/mc_4444.jpg, id=65, 562.1pt x 421.575pt>
File: fig/mc_4444.jpg Graphic file (type jpg)
 <use fig/mc_4444.jpg>
Package pdftex.def Info: fig/mc_4444.jpg used on input line 621.
(pdftex.def)             Requested size: 227.62352pt x 170.71764pt.

Overfull \hbox (85.87805pt too wide) in paragraph at lines 595--627
[][] []
 []


Overfull \hbox (85.87805pt too wide) in paragraph at lines 595--627
[]$ $[]$ 
 []

[12 <./fig/GQU_a_210.jpg> <./fig/GQU_b_201.jpg> <./fig/KPU_a_97.jpg> <./fig/KPU
_b_97.jpg>] <fig/picsdistrib/Clenshaw_grid.jpg, id=69, 562.1pt x 632.3625pt>
File: fig/picsdistrib/Clenshaw_grid.jpg Graphic file (type jpg)

<use fig/picsdistrib/Clenshaw_grid.jpg>
Package pdftex.def Info: fig/picsdistrib/Clenshaw_grid.jpg used on input line 6
35.
(pdftex.def)             Requested size: 227.62352pt x 256.07646pt.

<fig/picsdistrib/Clenshaw_grid_160.jpg, id=70, 562.1pt x 632.3625pt>
File: fig/picsdistrib/Clenshaw_grid_160.jpg Graphic file (type jpg)

<use fig/picsdistrib/Clenshaw_grid_160.jpg>
Package pdftex.def Info: fig/picsdistrib/Clenshaw_grid_160.jpg used on input li
ne 642.
(pdftex.def)             Requested size: 227.62352pt x 256.07646pt.

<fig/picsdistrib/Gauss_Patterson.jpg, id=71, 562.1pt x 632.3625pt>
File: fig/picsdistrib/Gauss_Patterson.jpg Graphic file (type jpg)

<use fig/picsdistrib/Gauss_Patterson.jpg>
Package pdftex.def Info: fig/picsdistrib/Gauss_Patterson.jpg used on input line
 650.
(pdftex.def)             Requested size: 227.62352pt x 256.07646pt.

<fig/picsdistrib/lhs_32.jpg, id=72, 562.1pt x 632.3625pt>
File: fig/picsdistrib/lhs_32.jpg Graphic file (type jpg)

<use fig/picsdistrib/lhs_32.jpg>
Package pdftex.def Info: fig/picsdistrib/lhs_32.jpg used on input line 658.
(pdftex.def)             Requested size: 227.62352pt x 256.07646pt.

Overfull \hbox (85.87805pt too wide) in paragraph at lines 632--664
[][] []
 []


Overfull \hbox (85.87805pt too wide) in paragraph at lines 632--664
[]$ $[]$ 
 []

[13 <./fig/lhs_b_128.jpg> <./fig/lhs_a_128.jpg> <./fig/PCQ_783.jpg> <./fig/mc_4
444.jpg>] <fig/picskpu/unu_KPU.jpg, id=77, 933.4875pt x 565.11125pt>
File: fig/picskpu/unu_KPU.jpg Graphic file (type jpg)

<use fig/picskpu/unu_KPU.jpg>
Package pdftex.def Info: fig/picskpu/unu_KPU.jpg used on input line 674.
(pdftex.def)             Requested size: 227.61678pt x 137.79381pt.

<fig/picskpu/doi_KPU.jpg, id=78, 933.4875pt x 565.11125pt>
File: fig/picskpu/doi_KPU.jpg Graphic file (type jpg)

<use fig/picskpu/doi_KPU.jpg>
Package pdftex.def Info: fig/picskpu/doi_KPU.jpg used on input line 681.
(pdftex.def)             Requested size: 227.61678pt x 137.79381pt.

<fig/picskpu/trei_KPU.jpg, id=79, 933.4875pt x 565.11125pt>
File: fig/picskpu/trei_KPU.jpg Graphic file (type jpg)

<use fig/picskpu/trei_KPU.jpg>
Package pdftex.def Info: fig/picskpu/trei_KPU.jpg used on input line 689.
(pdftex.def)             Requested size: 227.61678pt x 137.79381pt.

<fig/picskpu/patru_KPU.jpg, id=80, 933.4875pt x 565.11125pt>
File: fig/picskpu/patru_KPU.jpg Graphic file (type jpg)

<use fig/picskpu/patru_KPU.jpg>
Package pdftex.def Info: fig/picskpu/patru_KPU.jpg used on input line 697.
(pdftex.def)             Requested size: 227.61678pt x 137.79381pt.

<fig/picskpu/cinci_KPU.jpg, id=81, 933.4875pt x 565.11125pt>
File: fig/picskpu/cinci_KPU.jpg Graphic file (type jpg)

<use fig/picskpu/cinci_KPU.jpg>
Package pdftex.def Info: fig/picskpu/cinci_KPU.jpg used on input line 704.
(pdftex.def)             Requested size: 227.61678pt x 137.79381pt.

<fig/picskpu/sase_KPU.jpg, id=82, 933.4875pt x 565.11125pt>
File: fig/picskpu/sase_KPU.jpg Graphic file (type jpg)

<use fig/picskpu/sase_KPU.jpg>
Package pdftex.def Info: fig/picskpu/sase_KPU.jpg used on input line 712.
(pdftex.def)             Requested size: 227.61678pt x 137.79381pt.

Overfull \hbox (85.87805pt too wide) in paragraph at lines 671--717
[][] []
 []


Overfull \hbox (85.87805pt too wide) in paragraph at lines 671--717
[]$ $[]$
 []


Overfull \hbox (85.87805pt too wide) in paragraph at lines 671--717
[]$ $[]$ 
 []

[14 <./fig/picsdistrib/Clenshaw_grid.jpg> <./fig/picsdistrib/Clenshaw_grid_160.
jpg> <./fig/picsdistrib/Gauss_Patterson.jpg> <./fig/picsdistrib/lhs_32.jpg>]
File: fig/picskpu/unu_KPU.jpg Graphic file (type jpg)

<use fig/picskpu/unu_KPU.jpg>
Package pdftex.def Info: fig/picskpu/unu_KPU.jpg used on input line 726.
(pdftex.def)             Requested size: 227.61678pt x 137.79381pt.

<fig/picsgqu/doi_GQU.jpg, id=86, 933.4875pt x 565.11125pt>
File: fig/picsgqu/doi_GQU.jpg Graphic file (type jpg)

<use fig/picsgqu/doi_GQU.jpg>
Package pdftex.def Info: fig/picsgqu/doi_GQU.jpg used on input line 733.
(pdftex.def)             Requested size: 227.61678pt x 137.79381pt.

<fig/picsgqu/trei_GQU.jpg, id=87, 933.4875pt x 565.11125pt>
File: fig/picsgqu/trei_GQU.jpg Graphic file (type jpg)

<use fig/picsgqu/trei_GQU.jpg>
Package pdftex.def Info: fig/picsgqu/trei_GQU.jpg used on input line 741.
(pdftex.def)             Requested size: 227.61678pt x 137.79381pt.

<fig/picsgqu/patru_GQU.jpg, id=88, 933.4875pt x 565.11125pt>
File: fig/picsgqu/patru_GQU.jpg Graphic file (type jpg)

<use fig/picsgqu/patru_GQU.jpg>
Package pdftex.def Info: fig/picsgqu/patru_GQU.jpg used on input line 749.
(pdftex.def)             Requested size: 227.61678pt x 137.79381pt.

<fig/picsgqu/cinci_GQU.jpg, id=89, 933.4875pt x 565.11125pt>
File: fig/picsgqu/cinci_GQU.jpg Graphic file (type jpg)

<use fig/picsgqu/cinci_GQU.jpg>
Package pdftex.def Info: fig/picsgqu/cinci_GQU.jpg used on input line 756.
(pdftex.def)             Requested size: 227.61678pt x 137.79381pt.

<fig/picsgqu/sase_GQU.jpg, id=90, 933.4875pt x 565.11125pt>
File: fig/picsgqu/sase_GQU.jpg Graphic file (type jpg)

<use fig/picsgqu/sase_GQU.jpg>
Package pdftex.def Info: fig/picsgqu/sase_GQU.jpg used on input line 764.
(pdftex.def)             Requested size: 227.61678pt x 137.79381pt.

Overfull \hbox (85.87805pt too wide) in paragraph at lines 723--769
[][] []
 []


Overfull \hbox (85.87805pt too wide) in paragraph at lines 723--769
[]$ $[]$
 []


Overfull \hbox (85.87805pt too wide) in paragraph at lines 723--769
[]$ $[]$ 
 []

[15 <./fig/picskpu/unu_KPU.jpg> <./fig/picskpu/doi_KPU.jpg> <./fig/picskpu/trei
_KPU.jpg> <./fig/picskpu/patru_KPU.jpg> <./fig/picskpu/cinci_KPU.jpg> <./fig/pi
cskpu/sase_KPU.jpg>] <fig/pics4rv/unu4rv.jpg, id=94, 933.4875pt x 565.11125pt>
File: fig/pics4rv/unu4rv.jpg Graphic file (type jpg)

<use fig/pics4rv/unu4rv.jpg>
Package pdftex.def Info: fig/pics4rv/unu4rv.jpg used on input line 779.
(pdftex.def)             Requested size: 227.61678pt x 137.79381pt.

<fig/pics4rv/doi4rv.jpg, id=95, 933.4875pt x 565.11125pt>
File: fig/pics4rv/doi4rv.jpg Graphic file (type jpg)

<use fig/pics4rv/doi4rv.jpg>
Package pdftex.def Info: fig/pics4rv/doi4rv.jpg used on input line 786.
(pdftex.def)             Requested size: 227.61678pt x 137.79381pt.

<fig/pics4rv/trei4rv.jpg, id=96, 933.4875pt x 565.11125pt>
File: fig/pics4rv/trei4rv.jpg Graphic file (type jpg)

<use fig/pics4rv/trei4rv.jpg>
Package pdftex.def Info: fig/pics4rv/trei4rv.jpg used on input line 794.
(pdftex.def)             Requested size: 227.61678pt x 137.79381pt.

<fig/pics4rv/patru4rv.jpg, id=97, 933.4875pt x 565.11125pt>
File: fig/pics4rv/patru4rv.jpg Graphic file (type jpg)

<use fig/pics4rv/patru4rv.jpg>
Package pdftex.def Info: fig/pics4rv/patru4rv.jpg used on input line 802.
(pdftex.def)             Requested size: 227.61678pt x 137.79381pt.

<fig/pics4rv/cinci4rv.jpg, id=98, 933.4875pt x 565.11125pt>
File: fig/pics4rv/cinci4rv.jpg Graphic file (type jpg)

<use fig/pics4rv/cinci4rv.jpg>
Package pdftex.def Info: fig/pics4rv/cinci4rv.jpg used on input line 809.
(pdftex.def)             Requested size: 227.61678pt x 137.79381pt.

<fig/pics4rv/sase4rv.jpg, id=99, 933.4875pt x 565.11125pt>
File: fig/pics4rv/sase4rv.jpg Graphic file (type jpg)

<use fig/pics4rv/sase4rv.jpg>
Package pdftex.def Info: fig/pics4rv/sase4rv.jpg used on input line 817.
(pdftex.def)             Requested size: 227.61678pt x 137.79381pt.

Overfull \hbox (85.87805pt too wide) in paragraph at lines 776--822
[][] []
 []


Overfull \hbox (85.87805pt too wide) in paragraph at lines 776--822
[]$ $[]$
 []


Overfull \hbox (85.87805pt too wide) in paragraph at lines 776--822
[]$ $[]$ 
 []

[16 <./fig/picsgqu/doi_GQU.jpg> <./fig/picsgqu/trei_GQU.jpg> <./fig/picsgqu/pat
ru_GQU.jpg> <./fig/picsgqu/cinci_GQU.jpg> <./fig/picsgqu/sase_GQU.jpg>]
(./third_draft.bbl [17 <./fig/pics4rv/unu4rv.jpg> <./fig/pics4rv/doi4rv.jpg> <.
/fig/pics4rv/trei4rv.jpg> <./fig/pics4rv/patru4rv.jpg> <./fig/pics4rv/cinci4rv.
jpg> <./fig/pics4rv/sase4rv.jpg>]
Underfull \hbox (badness 1997) in paragraph at lines 39--43
[]\OT1/cmr/m/sc/10 H. Matthies\OT1/cmr/m/n/10 , \OT1/cmr/m/it/10 Stochas-tic fi
-nite el-e-ments: Com-pu-ta-tional ap-proaches to stochas-tic
 []

) [18] (./third_draft.aux) ) 
Here is how much of TeX's memory you used:
 5000 strings out of 493488
 75105 string characters out of 3141326
 143147 words of memory out of 3000000
 8175 multiletter control sequences out of 15000+200000
 11224 words of font info for 44 fonts, out of 3000000 for 9000
 957 hyphenation exceptions out of 8191
 44i,14n,42p,296b,380s stack positions out of 5000i,500n,10000p,200000b,50000s
</usr/local/texlive/2012/texmf-dist/fonts/type1/pub
lic/amsfonts/cm/cmbx10.pfb></usr/local/texlive/2012/texmf-dist/fonts/type1/publ
ic/amsfonts/cm/cmbx12.pfb></usr/local/texlive/2012/texmf-dist/fonts/type1/publi
c/amsfonts/cm/cmbx7.pfb></usr/local/texlive/2012/texmf-dist/fonts/type1/public/
amsfonts/cm/cmcsc10.pfb></usr/local/texlive/2012/texmf-dist/fonts/type1/public/
amsfonts/cm/cmex10.pfb></usr/local/texlive/2012/texmf-dist/fonts/type1/public/a
msfonts/cm/cmmi10.pfb></usr/local/texlive/2012/texmf-dist/fonts/type1/public/am
sfonts/cm/cmmi5.pfb></usr/local/texlive/2012/texmf-dist/fonts/type1/public/amsf
onts/cm/cmmi7.pfb></usr/local/texlive/2012/texmf-dist/fonts/type1/public/amsfon
ts/cm/cmr10.pfb></usr/local/texlive/2012/texmf-dist/fonts/type1/public/amsfonts
/cm/cmr12.pfb></usr/local/texlive/2012/texmf-dist/fonts/type1/public/amsfonts/c
m/cmr17.pfb></usr/local/texlive/2012/texmf-dist/fonts/type1/public/amsfonts/cm/
cmr5.pfb></usr/local/texlive/2012/texmf-dist/fonts/type1/public/amsfonts/cm/cmr
7.pfb></usr/local/texlive/2012/texmf-dist/fonts/type1/public/amsfonts/cm/cmr8.p
fb></usr/local/texlive/2012/texmf-dist/fonts/type1/public/amsfonts/cm/cmr9.pfb>
</usr/local/texlive/2012/texmf-dist/fonts/type1/public/amsfonts/cm/cmsy10.pfb><
/usr/local/texlive/2012/texmf-dist/fonts/type1/public/amsfonts/cm/cmsy7.pfb></u
sr/local/texlive/2012/texmf-dist/fonts/type1/public/amsfonts/cm/cmti10.pfb>
Output written on third_draft.pdf (18 pages, 4792592 bytes).
PDF statistics:
 167 PDF objects out of 1000 (max. 8388607)
 95 compressed objects within 1 object stream
 0 named destinations out of 1000 (max. 500000)
 166 words of extra memory for PDF output out of 10000 (max. 10000000)

